Unity Editor version:    2022.3.28f1 (6bae5ce6b222)
Branch:                  2022.3/staging
Build type:              Release
Batch mode:              YES
macOS version:           Version 14.0 (Build 23A344)
Darwin version:          23.0.0
Architecture:            arm64
Running under Rosetta:   NO
Available memory:        8192 MB
Using pre-set license
Pro License: YES

COMMAND LINE ARGUMENTS:
/Applications/Unity/Hub/Editor/2022.3.28f1/Unity.app/Contents/MacOS/Unity
-adb2
-batchMode
-noUpm
-name
AssetImportWorker0
-projectPath
/Users/simeongrossley/Desktop/Unity project but better/Final Project
-logFile
Logs/AssetImportWorker0.log
-srvPort
57740
Successfully changed project path to: /Users/simeongrossley/Desktop/Unity project but better/Final Project
/Users/simeongrossley/Desktop/Unity project but better/Final Project
[UnityMemory] Configuration Parameters - Can be set up in boot.config
    "memorysetup-bucket-allocator-granularity=16"
    "memorysetup-bucket-allocator-bucket-count=8"
    "memorysetup-bucket-allocator-block-size=33554432"
    "memorysetup-bucket-allocator-block-count=8"
    "memorysetup-main-allocator-block-size=16777216"
    "memorysetup-thread-allocator-block-size=16777216"
    "memorysetup-gfx-main-allocator-block-size=16777216"
    "memorysetup-gfx-thread-allocator-block-size=16777216"
    "memorysetup-cache-allocator-block-size=4194304"
    "memorysetup-typetree-allocator-block-size=2097152"
    "memorysetup-profiler-bucket-allocator-granularity=16"
    "memorysetup-profiler-bucket-allocator-bucket-count=8"
    "memorysetup-profiler-bucket-allocator-block-size=33554432"
    "memorysetup-profiler-bucket-allocator-block-count=8"
    "memorysetup-profiler-allocator-block-size=16777216"
    "memorysetup-profiler-editor-allocator-block-size=1048576"
    "memorysetup-temp-allocator-size-main=16777216"
    "memorysetup-job-temp-allocator-block-size=2097152"
    "memorysetup-job-temp-allocator-block-size-background=1048576"
    "memorysetup-job-temp-allocator-reduction-small-platforms=262144"
    "memorysetup-allocator-temp-initial-block-size-main=262144"
    "memorysetup-allocator-temp-initial-block-size-worker=262144"
    "memorysetup-temp-allocator-size-background-worker=32768"
    "memorysetup-temp-allocator-size-job-worker=262144"
    "memorysetup-temp-allocator-size-preload-manager=33554432"
    "memorysetup-temp-allocator-size-nav-mesh-worker=65536"
    "memorysetup-temp-allocator-size-audio-worker=65536"
    "memorysetup-temp-allocator-size-cloud-worker=32768"
    "memorysetup-temp-allocator-size-gi-baking-worker=262144"
    "memorysetup-temp-allocator-size-gfx=262144"
Player connection [7935890176] Host "[IP] 192.168.4.102 [Port] 0 [Flags] 2 [Guid] 81309979 [EditorId] 81309979 [Version] 1048832 [Id] OSXEditor(0,LA4Mac16.local) [Debug] 1 [PackageName] OSXEditor [ProjectName] Editor" joined multi-casting on [225.0.0.222:54997]...

Player connection [7935890176] Host "[IP] 192.168.4.102 [Port] 0 [Flags] 2 [Guid] 81309979 [EditorId] 81309979 [Version] 1048832 [Id] OSXEditor(0,LA4Mac16.local) [Debug] 1 [PackageName] OSXEditor [ProjectName] Editor" joined alternative multi-casting on [225.0.0.222:34997]...

[Physics::Module] Initialized MultithreadedJobDispatcher with 7 workers.
Refreshing native plugins compatible for Editor in 24.30 ms, found 2 plugins.
Preloading 0 native plugins for Editor in 0.00 ms.
Initialize engine version: 2022.3.28f1 (6bae5ce6b222)
[Subsystems] Discovering subsystems at path /Applications/Unity/Hub/Editor/2022.3.28f1/Unity.app/Contents/Resources/UnitySubsystems
[Subsystems] Discovering subsystems at path /Users/simeongrossley/Desktop/Unity project but better/Final Project/Assets
GfxDevice: creating device client; threaded=0; jobified=0
 preferred device: Apple M1 (high power)
Metal devices available: 1
0: Apple M1 (high power)
Using device Apple M1 (high power)
Initializing Metal device caps: Apple M1
Initialize mono
Mono path[0] = '/Applications/Unity/Hub/Editor/2022.3.28f1/Unity.app/Contents/Managed'
Mono path[1] = '/Applications/Unity/Hub/Editor/2022.3.28f1/Unity.app/Contents/MonoBleedingEdge/lib/mono/unityjit-macos'
Mono config path = '/Applications/Unity/Hub/Editor/2022.3.28f1/Unity.app/Contents/MonoBleedingEdge/etc'
Using monoOptions --debugger-agent=transport=dt_socket,embedding=1,server=y,suspend=n,address=127.0.0.1:56771
Begin MonoManager ReloadAssembly
Registering precompiled unity dll's ...
Register platform support module: /Applications/Unity/Hub/Editor/2022.3.28f1/Unity.app/Contents/PlaybackEngines/MacStandaloneSupport/UnityEditor.OSXStandalone.Extensions.dll
Registered in 0.005354 seconds.
- Loaded All Assemblies, in  0.487 seconds
Native extension for OSXStandalone target not found
Mono: successfully reloaded assembly
- Finished resetting the current domain, in  0.356 seconds
Domain Reload Profiling: 843ms
	BeginReloadAssembly (134ms)
		ExecutionOrderSort (0ms)
		DisableScriptedObjects (0ms)
		BackupInstance (0ms)
		ReleaseScriptingObjects (0ms)
		CreateAndSetChildDomain (1ms)
	RebuildCommonClasses (49ms)
	RebuildNativeTypeToScriptingClass (16ms)
	initialDomainReloadingComplete (73ms)
	LoadAllAssembliesAndSetupDomain (215ms)
		LoadAssemblies (134ms)
		RebuildTransferFunctionScriptingTraits (0ms)
		AnalyzeDomain (213ms)
			TypeCache.Refresh (210ms)
				TypeCache.ScanAssembly (189ms)
			ScanForSourceGeneratedMonoScriptInfo (1ms)
			ResolveRequiredComponents (1ms)
	FinalizeReload (356ms)
		ReleaseScriptCaches (0ms)
		RebuildScriptCaches (0ms)
		SetupLoadedEditorAssemblies (269ms)
			LogAssemblyErrors (0ms)
			InitializePlatformSupportModulesInManaged (11ms)
			SetLoadedEditorAssemblies (10ms)
			RefreshPlugins (0ms)
			BeforeProcessingInitializeOnLoad (2ms)
			ProcessInitializeOnLoadAttributes (191ms)
			ProcessInitializeOnLoadMethodAttributes (55ms)
			AfterProcessingInitializeOnLoad (0ms)
			EditorAssembliesLoaded (0ms)
		ExecutionOrderSort2 (0ms)
		AwakeInstancesAfterBackupRestoration (0ms)
========================================================================
Worker process is ready to serve import requests
Begin MonoManager ReloadAssembly
- Loaded All Assemblies, in  0.874 seconds
Refreshing native plugins compatible for Editor in 1.61 ms, found 2 plugins.
Native extension for OSXStandalone target not found
Package Manager log level set to [2]
[Package Manager] Server::EnsureServerProcessIsRunning -- launch failed, reason: Unity was launched with the -noUpm command-line argument
[Package Manager] UpmClient::Send -- Unable to send message (not connected to UPM process).
[Package Manager] Cannot connect to Unity Package Manager local server
Mono: successfully reloaded assembly
- Finished resetting the current domain, in  0.763 seconds
Domain Reload Profiling: 1641ms
	BeginReloadAssembly (148ms)
		ExecutionOrderSort (0ms)
		DisableScriptedObjects (5ms)
		BackupInstance (0ms)
		ReleaseScriptingObjects (0ms)
		CreateAndSetChildDomain (35ms)
	RebuildCommonClasses (56ms)
	RebuildNativeTypeToScriptingClass (19ms)
	initialDomainReloadingComplete (54ms)
	LoadAllAssembliesAndSetupDomain (601ms)
		LoadAssemblies (370ms)
		RebuildTransferFunctionScriptingTraits (0ms)
		AnalyzeDomain (293ms)
			TypeCache.Refresh (269ms)
				TypeCache.ScanAssembly (229ms)
			ScanForSourceGeneratedMonoScriptInfo (16ms)
			ResolveRequiredComponents (8ms)
	FinalizeReload (764ms)
		ReleaseScriptCaches (0ms)
		RebuildScriptCaches (0ms)
		SetupLoadedEditorAssemblies (550ms)
			LogAssemblyErrors (0ms)
			InitializePlatformSupportModulesInManaged (6ms)
			SetLoadedEditorAssemblies (5ms)
			RefreshPlugins (0ms)
			BeforeProcessingInitializeOnLoad (72ms)
			ProcessInitializeOnLoadAttributes (443ms)
			ProcessInitializeOnLoadMethodAttributes (22ms)
			AfterProcessingInitializeOnLoad (1ms)
			EditorAssembliesLoaded (0ms)
		ExecutionOrderSort2 (0ms)
		AwakeInstancesAfterBackupRestoration (5ms)
Launching external process: /Applications/Unity/Hub/Editor/2022.3.28f1/Unity.app/Contents/Tools/UnityShaderCompiler
Launched and connected shader compiler UnityShaderCompiler after 0.31 seconds
Refreshing native plugins compatible for Editor in 1.72 ms, found 2 plugins.
Preloading 0 native plugins for Editor in 0.00 ms.
Unloading 3188 Unused Serialized files (Serialized files now loaded: 0)
Unloading 33 unused Assets / (51.8 KB). Loaded Objects now: 3663.
Memory consumption went from 142.2 MB to 142.2 MB.
Total: 4.580000 ms (FindLiveObjects: 0.239542 ms CreateObjectMapping: 0.070541 ms MarkObjects: 4.133667 ms  DeleteObjects: 0.135167 ms)

AssetImportParameters requested are different than current active one (requested -> active):
  custom:container-demuxer-ogg: 62fdf1f143b41e24485cea50d1cbac27 -> 
  custom:video-decoder-ogg-theora: a1e56fd34408186e4bbccfd4996cb3dc -> 
  custom:CustomObjectIndexerAttribute: 9a22284fe3817be447336de3de66b15e -> 
  custom:container-demuxer-webm: 4f35f7cbe854078d1ac9338744f61a02 -> 
  custom:container-muxer-webm: aa71ff27fc2769a1b78a27578f13a17b -> 
  custom:video-decoder-webm-vp8: 9c59270c3fd7afecdb556c50c9e8de78 -> 
  custom:SearchIndexIgnoredProperties: e643bd26f0fe6173181afceb89e7c659 -> 
  custom:AudioImporter_EditorPlatform: 3918e3fc78b5a79bad01e8451be0beb8 -> 
  custom:framework-osx-AVFoundation: e770b220cccbd017edd2c1fefb359320 -> 
  custom:video-encoder-webm-vp8: eb34c28f22e8b96e1ab97ce403110664 -> 
  custom:audio-decoder-ogg-vorbis: bf7c407c2cedff20999df2af8eb42d56 -> 
  custom:audio-encoder-webm-vorbis: bf7c407c2cedff20999df2af8eb42d56 -> 
========================================================================
Received Import Request.
  Time since last request: 126027.643988 seconds.
  path: Assets/Runemark Studio/Freebies/Polygon Desert Pack/Meshes/cactus3.fbx
  artifactKey: Guid(1aec1266c0ec1804c8c87f521a7cfc61) Importer(815301076,1909f56bfc062723c751e8b465ee728b)
Start importing Assets/Runemark Studio/Freebies/Polygon Desert Pack/Meshes/cactus3.fbx using Guid(1aec1266c0ec1804c8c87f521a7cfc61) Importer(815301076,1909f56bfc062723c751e8b465ee728b)  -> (artifact id: '706ad3f5c63802dd45a2934f61b37f4d') in 0.177770 seconds
Number of updated asset objects reloaded before import = 0
Number of asset objects unloaded after import = 12
========================================================================
Received Import Request.
  Time since last request: 0.000093 seconds.
  path: Assets/Polylised - Medieval Desert City/Models/Civilian_Buildings/Materials/Rope_0.mat
  artifactKey: Guid(79cb73a5095332d418ed29b096788715) Importer(815301076,1909f56bfc062723c751e8b465ee728b)
Start importing Assets/Polylised - Medieval Desert City/Models/Civilian_Buildings/Materials/Rope_0.mat using Guid(79cb73a5095332d418ed29b096788715) Importer(815301076,1909f56bfc062723c751e8b465ee728b)  -> (artifact id: '2e548aafbb03e1ec4a16e2600b9591a9') in 0.062168 seconds
Number of updated asset objects reloaded before import = 0
Number of asset objects unloaded after import = 1
========================================================================
Received Import Request.
  Time since last request: 0.000743 seconds.
  path: Assets/Polylised - Medieval Desert City/Models/Civilian_Buildings/Materials/Wall_0.mat
  artifactKey: Guid(9b2f7a9877042784da6f113d45cd70e6) Importer(815301076,1909f56bfc062723c751e8b465ee728b)
Start importing Assets/Polylised - Medieval Desert City/Models/Civilian_Buildings/Materials/Wall_0.mat using Guid(9b2f7a9877042784da6f113d45cd70e6) Importer(815301076,1909f56bfc062723c751e8b465ee728b)  -> (artifact id: '75416d658ac47ef5cfba3e57de873859') in 0.020069 seconds
Number of updated asset objects reloaded before import = 0
Number of asset objects unloaded after import = 1
========================================================================
Received Import Request.
  Time since last request: 0.000546 seconds.
  path: Assets/Polylised - Medieval Desert City/Models/Civilian_Buildings/Materials/Wood_0.mat
  artifactKey: Guid(870bcbe66fbf1e0479f611163b71d61e) Importer(815301076,1909f56bfc062723c751e8b465ee728b)
Start importing Assets/Polylised - Medieval Desert City/Models/Civilian_Buildings/Materials/Wood_0.mat using Guid(870bcbe66fbf1e0479f611163b71d61e) Importer(815301076,1909f56bfc062723c751e8b465ee728b)  -> (artifact id: 'e0be0f1556f13e455281fa3f5ce76bf2') in 0.011956 seconds
Number of updated asset objects reloaded before import = 0
Number of asset objects unloaded after import = 1
========================================================================
Received Import Request.
  Time since last request: 0.000165 seconds.
  path: Assets/RPG Monster DUO PBR Polyart/Animations/Slime/SenseSomethingRoutine_Slime_Anim.fbx
  artifactKey: Guid(7e80111fc2ac479cb295560ad5634f40) Importer(815301076,1909f56bfc062723c751e8b465ee728b)
Start importing Assets/RPG Monster DUO PBR Polyart/Animations/Slime/SenseSomethingRoutine_Slime_Anim.fbx using Guid(7e80111fc2ac479cb295560ad5634f40) Importer(815301076,1909f56bfc062723c751e8b465ee728b)  -> (artifact id: '62441ca83c1c60ae0dca28fa39af3262') in 0.288008 seconds
Number of updated asset objects reloaded before import = 0
Number of asset objects unloaded after import = 31
========================================================================
Received Import Request.
  Time since last request: 0.000112 seconds.
  path: Assets/RPG Monster DUO PBR Polyart/Animations/Slime/Die_Slime_Anim.fbx
  artifactKey: Guid(35bb20ecf5de4fdd8dcd8e28e4053f3d) Importer(815301076,1909f56bfc062723c751e8b465ee728b)
Start importing Assets/RPG Monster DUO PBR Polyart/Animations/Slime/Die_Slime_Anim.fbx using Guid(35bb20ecf5de4fdd8dcd8e28e4053f3d) Importer(815301076,1909f56bfc062723c751e8b465ee728b)  -> (artifact id: '837988d932a5d5203361e8fe2300d921') in 0.025982 seconds
Number of updated asset objects reloaded before import = 0
Number of asset objects unloaded after import = 31
========================================================================
Received Import Request.
  Time since last request: 0.000201 seconds.
  path: Assets/RPG Monster DUO PBR Polyart/Animations/TurtleShell/IdleNormal_TurtleShell_Anim.fbx
  artifactKey: Guid(1f583387dcc14604b6836cea4b8d68d0) Importer(815301076,1909f56bfc062723c751e8b465ee728b)
Start importing Assets/RPG Monster DUO PBR Polyart/Animations/TurtleShell/IdleNormal_TurtleShell_Anim.fbx using Guid(1f583387dcc14604b6836cea4b8d68d0) Importer(815301076,1909f56bfc062723c751e8b465ee728b)  -> (artifact id: '42d3dd7332bdd4704d0d31faaac36478') in 0.026332 seconds
Number of updated asset objects reloaded before import = 0
Number of asset objects unloaded after import = 71
========================================================================
Received Import Request.
  Time since last request: 0.000128 seconds.
  path: Assets/RPG Monster DUO PBR Polyart/Meshes/SlimePolyartMesh.fbx
  artifactKey: Guid(56fc0b4f7d154039a7099564596a545b) Importer(815301076,1909f56bfc062723c751e8b465ee728b)
Start importing Assets/RPG Monster DUO PBR Polyart/Meshes/SlimePolyartMesh.fbx using Guid(56fc0b4f7d154039a7099564596a545b) Importer(815301076,1909f56bfc062723c751e8b465ee728b)  -> (artifact id: '441c4f5895b0f9529bf04870664442a0') in 0.016173 seconds
Number of updated asset objects reloaded before import = 0
Number of asset objects unloaded after import = 30
========================================================================
Received Import Request.
  Time since last request: 0.000120 seconds.
  path: Assets/RPG Monster DUO PBR Polyart/Animations/TurtleShell/WalkBack_TurtleShell_Anim.fbx
  artifactKey: Guid(287406e12d1c4a1fad3c4e7ee6674ef0) Importer(815301076,1909f56bfc062723c751e8b465ee728b)
Start importing Assets/RPG Monster DUO PBR Polyart/Animations/TurtleShell/WalkBack_TurtleShell_Anim.fbx using Guid(287406e12d1c4a1fad3c4e7ee6674ef0) Importer(815301076,1909f56bfc062723c751e8b465ee728b)  -> (artifact id: '4bdc16951f75959c60c9b75d2ce27543') in 0.020068 seconds
Number of updated asset objects reloaded before import = 0
Number of asset objects unloaded after import = 71
========================================================================
Received Import Request.
  Time since last request: 0.000059 seconds.
  path: Assets/RPG Monster DUO PBR Polyart/Animations/TurtleShell/IdleBattle_TurtleShell_Anim.fbx
  artifactKey: Guid(eee9d7beb7b440a58147d924f277c7ce) Importer(815301076,1909f56bfc062723c751e8b465ee728b)
Start importing Assets/RPG Monster DUO PBR Polyart/Animations/TurtleShell/IdleBattle_TurtleShell_Anim.fbx using Guid(eee9d7beb7b440a58147d924f277c7ce) Importer(815301076,1909f56bfc062723c751e8b465ee728b)  -> (artifact id: '26eda27ecb5b342f20f597543ed73ad8') in 0.023088 seconds
Number of updated asset objects reloaded before import = 0
Number of asset objects unloaded after import = 71
========================================================================
Received Import Request.
  Time since last request: 0.000089 seconds.
  path: Assets/RPG Monster DUO PBR Polyart/Animations/TurtleShell/SenseSomethingStart_TurtleShell_Anim.fbx
  artifactKey: Guid(d005e95bf0134a26ad4ed5c5b36201ce) Importer(815301076,1909f56bfc062723c751e8b465ee728b)
Start importing Assets/RPG Monster DUO PBR Polyart/Animations/TurtleShell/SenseSomethingStart_TurtleShell_Anim.fbx using Guid(d005e95bf0134a26ad4ed5c5b36201ce) Importer(815301076,1909f56bfc062723c751e8b465ee728b)  -> (artifact id: 'c219fd38a120e8f0fe885de9fe860e39') in 0.023871 seconds
Number of updated asset objects reloaded before import = 0
Number of asset objects unloaded after import = 71
========================================================================
Received Import Request.
  Time since last request: 0.000112 seconds.
  path: Assets/Runemark Studio/Freebies/Polygon Desert Pack/Meshes/aloe.fbx
  artifactKey: Guid(e44f8bbf9778c484ca4d63d534614d67) Importer(815301076,1909f56bfc062723c751e8b465ee728b)
Start importing Assets/Runemark Studio/Freebies/Polygon Desert Pack/Meshes/aloe.fbx using Guid(e44f8bbf9778c484ca4d63d534614d67) Importer(815301076,1909f56bfc062723c751e8b465ee728b)  -> (artifact id: 'ee6c1dbdcf1ff2cedf9e5ecd79f6af45') in 0.011707 seconds
Number of updated asset objects reloaded before import = 0
Number of asset objects unloaded after import = 8
========================================================================
Received Import Request.
  Time since last request: 0.000187 seconds.
  path: Assets/RPG Monster DUO PBR Polyart/Animations/Slime/IdleBattle_Slime_Anim.fbx
  artifactKey: Guid(f99c1e532d874b5aa4c470d8aad16a64) Importer(815301076,1909f56bfc062723c751e8b465ee728b)
Start importing Assets/RPG Monster DUO PBR Polyart/Animations/Slime/IdleBattle_Slime_Anim.fbx using Guid(f99c1e532d874b5aa4c470d8aad16a64) Importer(815301076,1909f56bfc062723c751e8b465ee728b)  -> (artifact id: 'd0311bef033488a1afd93b004895e9bc') in 0.022067 seconds
Number of updated asset objects reloaded before import = 0
Number of asset objects unloaded after import = 31
========================================================================
Received Import Request.
  Time since last request: 0.000059 seconds.
  path: Assets/RPG Monster DUO PBR Polyart/Animations/Slime/Taunt_Slime_Anim.fbx
  artifactKey: Guid(3a16534b4b074acc99be2eec5ca12eeb) Importer(815301076,1909f56bfc062723c751e8b465ee728b)
Start importing Assets/RPG Monster DUO PBR Polyart/Animations/Slime/Taunt_Slime_Anim.fbx using Guid(3a16534b4b074acc99be2eec5ca12eeb) Importer(815301076,1909f56bfc062723c751e8b465ee728b)  -> (artifact id: '2d97d00fb0701ea47d3fbc89d85bc29f') in 0.022045 seconds
Number of updated asset objects reloaded before import = 0
Number of asset objects unloaded after import = 31
========================================================================
Received Import Request.
  Time since last request: 0.000103 seconds.
  path: Assets/RPG Monster DUO PBR Polyart/Animations/TurtleShell/DefendHit_TurtleShell_Anim.fbx
  artifactKey: Guid(f905c892a0744e17b0a91522be197c67) Importer(815301076,1909f56bfc062723c751e8b465ee728b)
Start importing Assets/RPG Monster DUO PBR Polyart/Animations/TurtleShell/DefendHit_TurtleShell_Anim.fbx using Guid(f905c892a0744e17b0a91522be197c67) Importer(815301076,1909f56bfc062723c751e8b465ee728b)  -> (artifact id: '3661ce04d0495b50f26a63558a6e7858') in 0.024453 seconds
Number of updated asset objects reloaded before import = 0
Number of asset objects unloaded after import = 71
========================================================================
Received Import Request.
  Time since last request: 0.000058 seconds.
  path: Assets/Runemark Studio/Freebies/Polygon Desert Pack/Meshes/rock03.obj
  artifactKey: Guid(900eb47d1ac08b645ab586656712ea99) Importer(815301076,1909f56bfc062723c751e8b465ee728b)
Start importing Assets/Runemark Studio/Freebies/Polygon Desert Pack/Meshes/rock03.obj using Guid(900eb47d1ac08b645ab586656712ea99) Importer(815301076,1909f56bfc062723c751e8b465ee728b)  -> (artifact id: 'c5891c4236e10b7920edc3d9e9396fb7') in 0.018549 seconds
Number of updated asset objects reloaded before import = 0
Number of asset objects unloaded after import = 10
========================================================================
Received Import Request.
  Time since last request: 0.000079 seconds.
  path: Assets/Polylised - Medieval Desert City/Models/Props/Materials/Window_0.mat
  artifactKey: Guid(3151e22427fc0b14996a5ada8e8083a1) Importer(815301076,1909f56bfc062723c751e8b465ee728b)
Start importing Assets/Polylised - Medieval Desert City/Models/Props/Materials/Window_0.mat using Guid(3151e22427fc0b14996a5ada8e8083a1) Importer(815301076,1909f56bfc062723c751e8b465ee728b)  -> (artifact id: '8df348e53962bcc894fd8af9c5099612') in 0.010631 seconds
Number of updated asset objects reloaded before import = 0
Number of asset objects unloaded after import = 1
========================================================================
Received Import Request.
  Time since last request: 0.000121 seconds.
  path: Assets/Runemark Studio/Freebies/PolyDesert Mobile/Meshes/rock05.obj
  artifactKey: Guid(1aee68255b1c16648abad52f8510f673) Importer(815301076,1909f56bfc062723c751e8b465ee728b)
Start importing Assets/Runemark Studio/Freebies/PolyDesert Mobile/Meshes/rock05.obj using Guid(1aee68255b1c16648abad52f8510f673) Importer(815301076,1909f56bfc062723c751e8b465ee728b)  -> (artifact id: '3c4b3f826e53b9563f43d473a1eefe1e') in 0.020642 seconds
Number of updated asset objects reloaded before import = 0
Number of asset objects unloaded after import = 10
========================================================================
Received Import Request.
  Time since last request: 0.000073 seconds.
  path: Assets/Runemark Studio/Freebies/PolyDesert Mobile/Meshes/rock06.obj
  artifactKey: Guid(fbbd04c46204e58448b2484a0038aab6) Importer(815301076,1909f56bfc062723c751e8b465ee728b)
Start importing Assets/Runemark Studio/Freebies/PolyDesert Mobile/Meshes/rock06.obj using Guid(fbbd04c46204e58448b2484a0038aab6) Importer(815301076,1909f56bfc062723c751e8b465ee728b)  -> (artifact id: 'caf84df4e9ebd80eb764487ae80f3848') in 0.024049 seconds
Number of updated asset objects reloaded before import = 0
Number of asset objects unloaded after import = 10
========================================================================
Received Import Request.
  Time since last request: 0.000171 seconds.
  path: Assets/Runemark Studio/Freebies/PolyDesert Mobile/Meshes/cactus01.obj
  artifactKey: Guid(aee8589b8394086419d7bffb6e9dfa8e) Importer(815301076,1909f56bfc062723c751e8b465ee728b)
Start importing Assets/Runemark Studio/Freebies/PolyDesert Mobile/Meshes/cactus01.obj using Guid(aee8589b8394086419d7bffb6e9dfa8e) Importer(815301076,1909f56bfc062723c751e8b465ee728b)  -> (artifact id: '1e4448cad432b31dcfbfffa4e0cd349f') in 0.021868 seconds
Number of updated asset objects reloaded before import = 0
Number of asset objects unloaded after import = 10
========================================================================
Received Import Request.
  Time since last request: 0.000205 seconds.
  path: Assets/RPG Monster DUO PBR Polyart/Animations/TurtleShell/Attack01_TurtleShell_Anim.fbx
  artifactKey: Guid(832e69c20e884e0790dae5ee86441a63) Importer(815301076,1909f56bfc062723c751e8b465ee728b)
Start importing Assets/RPG Monster DUO PBR Polyart/Animations/TurtleShell/Attack01_TurtleShell_Anim.fbx using Guid(832e69c20e884e0790dae5ee86441a63) Importer(815301076,1909f56bfc062723c751e8b465ee728b)  -> (artifact id: '77f4e5a1361fbc3bb7e0108d333c8a42') in 0.033526 seconds
Number of updated asset objects reloaded before import = 0
Number of asset objects unloaded after import = 71
========================================================================
Received Import Request.
  Time since last request: 0.000413 seconds.
  path: Assets/Runemark Studio/Freebies/Polygon Desert Pack/Meshes/rock06.obj
  artifactKey: Guid(e4b18b6fb72b43c41b46a3e43bfc6a0d) Importer(815301076,1909f56bfc062723c751e8b465ee728b)
Start importing Assets/Runemark Studio/Freebies/Polygon Desert Pack/Meshes/rock06.obj using Guid(e4b18b6fb72b43c41b46a3e43bfc6a0d) Importer(815301076,1909f56bfc062723c751e8b465ee728b)  -> (artifact id: 'ca6011205f4ba0af5657719a93b8b8e1') in 0.025157 seconds
Number of updated asset objects reloaded before import = 0
Number of asset objects unloaded after import = 10
========================================================================
Received Import Request.
  Time since last request: 0.000691 seconds.
  path: Assets/RPG Monster DUO PBR Polyart/Animations/Slime/WalkRight_Slime_Anim.fbx
  artifactKey: Guid(e03c29f8137848c2938727e9140a9a43) Importer(815301076,1909f56bfc062723c751e8b465ee728b)
Start importing Assets/RPG Monster DUO PBR Polyart/Animations/Slime/WalkRight_Slime_Anim.fbx using Guid(e03c29f8137848c2938727e9140a9a43) Importer(815301076,1909f56bfc062723c751e8b465ee728b)  -> (artifact id: 'd3f10b5ae6a5872f540d3a17ef4d3e08') in 0.032237 seconds
Number of updated asset objects reloaded before import = 0
Number of asset objects unloaded after import = 31
========================================================================
Received Import Request.
  Time since last request: 0.001307 seconds.
  path: Assets/Runemark Studio/Freebies/Polygon Desert Pack/Meshes/cactus1.fbx
  artifactKey: Guid(62a4c8a915a980040a05c9e8e080236a) Importer(815301076,1909f56bfc062723c751e8b465ee728b)
Start importing Assets/Runemark Studio/Freebies/Polygon Desert Pack/Meshes/cactus1.fbx using Guid(62a4c8a915a980040a05c9e8e080236a) Importer(815301076,1909f56bfc062723c751e8b465ee728b)  -> (artifact id: '5c32d697507f076d2e83526305f7cd7c') in 0.016868 seconds
Number of updated asset objects reloaded before import = 0
Number of asset objects unloaded after import = 7
========================================================================
Received Import Request.
  Time since last request: 0.000157 seconds.
  path: Assets/RPG Monster DUO PBR Polyart/Meshes/TurtleShellMesh.fbx
  artifactKey: Guid(599b2dc9e6c44a8ebc02ddea1f18d215) Importer(815301076,1909f56bfc062723c751e8b465ee728b)
Start importing Assets/RPG Monster DUO PBR Polyart/Meshes/TurtleShellMesh.fbx using Guid(599b2dc9e6c44a8ebc02ddea1f18d215) Importer(815301076,1909f56bfc062723c751e8b465ee728b)  -> (artifact id: '3b33e144fec86de5b411e4ce3f7b05fc') in 0.030568 seconds
Number of updated asset objects reloaded before import = 0
Number of asset objects unloaded after import = 70
========================================================================
Received Import Request.
  Time since last request: 0.000108 seconds.
  path: Assets/RPG Monster DUO PBR Polyart/Animations/Slime/IdleNormal_Slime_Anim.fbx
  artifactKey: Guid(a3010b0fc7044499ad34afdf5326f623) Importer(815301076,1909f56bfc062723c751e8b465ee728b)
Start importing Assets/RPG Monster DUO PBR Polyart/Animations/Slime/IdleNormal_Slime_Anim.fbx using Guid(a3010b0fc7044499ad34afdf5326f623) Importer(815301076,1909f56bfc062723c751e8b465ee728b)  -> (artifact id: 'ee2b41a32ef1c7709cceca5ab227b917') in 0.026781 seconds
Number of updated asset objects reloaded before import = 0
Number of asset objects unloaded after import = 31
========================================================================
Received Import Request.
  Time since last request: 0.000087 seconds.
  path: Assets/Runemark Studio/Freebies/PolyDesert Mobile/Meshes/rock02.obj
  artifactKey: Guid(6c262484852eac84785d71207b841d95) Importer(815301076,1909f56bfc062723c751e8b465ee728b)
Start importing Assets/Runemark Studio/Freebies/PolyDesert Mobile/Meshes/rock02.obj using Guid(6c262484852eac84785d71207b841d95) Importer(815301076,1909f56bfc062723c751e8b465ee728b)  -> (artifact id: 'e3d241031d899274edc067758cf6e00b') in 0.049496 seconds
Number of updated asset objects reloaded before import = 0
Number of asset objects unloaded after import = 10
========================================================================
Received Import Request.
  Time since last request: 0.000185 seconds.
  path: Assets/RPG Monster DUO PBR Polyart/Animations/TurtleShell/Run_TurtleShell_Anim.fbx
  artifactKey: Guid(60dd7ef4512a4404896e945d3004f2b6) Importer(815301076,1909f56bfc062723c751e8b465ee728b)
Start importing Assets/RPG Monster DUO PBR Polyart/Animations/TurtleShell/Run_TurtleShell_Anim.fbx using Guid(60dd7ef4512a4404896e945d3004f2b6) Importer(815301076,1909f56bfc062723c751e8b465ee728b)  -> (artifact id: 'f8bce07e65ca98776aa7c922a4efbc86') in 0.034296 seconds
Number of updated asset objects reloaded before import = 0
Number of asset objects unloaded after import = 71
========================================================================
Received Import Request.
  Time since last request: 0.000076 seconds.
  path: Assets/Runemark Studio/Freebies/PolyDesert Mobile/Meshes/rock08.obj
  artifactKey: Guid(6f5ce57e18087864486ff13a7184c134) Importer(815301076,1909f56bfc062723c751e8b465ee728b)
Start importing Assets/Runemark Studio/Freebies/PolyDesert Mobile/Meshes/rock08.obj using Guid(6f5ce57e18087864486ff13a7184c134) Importer(815301076,1909f56bfc062723c751e8b465ee728b)  -> (artifact id: 'f83501e584cb2fc72cb10144de9dc62e') in 0.024674 seconds
Number of updated asset objects reloaded before import = 0
Number of asset objects unloaded after import = 10
========================================================================
Received Import Request.
  Time since last request: 0.000338 seconds.
  path: Assets/Polylised - Medieval Desert City/Models/Civilian_Buildings/Materials/Terrain 1.mat
  artifactKey: Guid(754229dc66b057d40bcd2ebe48424571) Importer(815301076,1909f56bfc062723c751e8b465ee728b)
Start importing Assets/Polylised - Medieval Desert City/Models/Civilian_Buildings/Materials/Terrain 1.mat using Guid(754229dc66b057d40bcd2ebe48424571) Importer(815301076,1909f56bfc062723c751e8b465ee728b)  -> (artifact id: '97e4e8e5970526b6041f12fb4c50d1c0') in 0.009154 seconds
Number of updated asset objects reloaded before import = 0
Number of asset objects unloaded after import = 1
========================================================================
Received Import Request.
  Time since last request: 0.000521 seconds.
  path: Assets/Runemark Studio/Freebies/PolyDesert Mobile/Meshes/aloe.obj
  artifactKey: Guid(6bedf70372b395b4eb737053c608642f) Importer(815301076,1909f56bfc062723c751e8b465ee728b)
Start importing Assets/Runemark Studio/Freebies/PolyDesert Mobile/Meshes/aloe.obj using Guid(6bedf70372b395b4eb737053c608642f) Importer(815301076,1909f56bfc062723c751e8b465ee728b)  -> (artifact id: '8aaac962fd72653bf4a44df2240f21e2') in 0.025517 seconds
Number of updated asset objects reloaded before import = 0
Number of asset objects unloaded after import = 10
========================================================================
Received Import Request.
  Time since last request: 0.002981 seconds.
  path: Assets/Runemark Studio/Freebies/PolyDesert Mobile/Meshes/rock07.obj
  artifactKey: Guid(948c8a9cec5543a429f06d2596378d1b) Importer(815301076,1909f56bfc062723c751e8b465ee728b)
Start importing Assets/Runemark Studio/Freebies/PolyDesert Mobile/Meshes/rock07.obj using Guid(948c8a9cec5543a429f06d2596378d1b) Importer(815301076,1909f56bfc062723c751e8b465ee728b)  -> (artifact id: '167502a2ca4d4dc90219e6a630adb0b8') in 0.022638 seconds
Number of updated asset objects reloaded before import = 0
Number of asset objects unloaded after import = 10
========================================================================
Received Import Request.
  Time since last request: 0.000214 seconds.
  path: Assets/RPG Monster DUO PBR Polyart/Animations/Slime/Victory_Slime_Anim.fbx
  artifactKey: Guid(8ec3313cbc664ad68d21f18f52f2ebf0) Importer(815301076,1909f56bfc062723c751e8b465ee728b)
Start importing Assets/RPG Monster DUO PBR Polyart/Animations/Slime/Victory_Slime_Anim.fbx using Guid(8ec3313cbc664ad68d21f18f52f2ebf0) Importer(815301076,1909f56bfc062723c751e8b465ee728b)  -> (artifact id: '5091881bee32881510890e7ddac09993') in 0.023407 seconds
Number of updated asset objects reloaded before import = 0
Number of asset objects unloaded after import = 31
========================================================================
Received Import Request.
  Time since last request: 0.000088 seconds.
  path: Assets/Polylised - Medieval Desert City/Models/Civilian_Buildings/Materials/Sea.mat
  artifactKey: Guid(1683e1d1c4c70844b9230503c506c119) Importer(815301076,1909f56bfc062723c751e8b465ee728b)
Start importing Assets/Polylised - Medieval Desert City/Models/Civilian_Buildings/Materials/Sea.mat using Guid(1683e1d1c4c70844b9230503c506c119) Importer(815301076,1909f56bfc062723c751e8b465ee728b)  -> (artifact id: '1ac49fb86e3e7a84e8d7185451092341') in 0.009275 seconds
Number of updated asset objects reloaded before import = 0
Number of asset objects unloaded after import = 1
========================================================================
Received Import Request.
  Time since last request: 0.000158 seconds.
  path: Assets/RPG Monster DUO PBR Polyart/Meshes/StageMesh.fbx
  artifactKey: Guid(b81abefeba724bd89c755de785efd017) Importer(815301076,1909f56bfc062723c751e8b465ee728b)
Start importing Assets/RPG Monster DUO PBR Polyart/Meshes/StageMesh.fbx using Guid(b81abefeba724bd89c755de785efd017) Importer(815301076,1909f56bfc062723c751e8b465ee728b)  -> (artifact id: 'c2bdb0a6df25bb868a3cb962f002450c') in 0.012391 seconds
Number of updated asset objects reloaded before import = 0
Number of asset objects unloaded after import = 7
========================================================================
Received Import Request.
  Time since last request: 0.000082 seconds.
  path: Assets/RPG Monster DUO PBR Polyart/Animations/Slime/Walk_Slime_Anim.fbx
  artifactKey: Guid(5b283b002bf74fc4b827cc4e67b99155) Importer(815301076,1909f56bfc062723c751e8b465ee728b)
Start importing Assets/RPG Monster DUO PBR Polyart/Animations/Slime/Walk_Slime_Anim.fbx using Guid(5b283b002bf74fc4b827cc4e67b99155) Importer(815301076,1909f56bfc062723c751e8b465ee728b)  -> (artifact id: '2ef730a1f7a56d9e428df9a61073c400') in 0.020743 seconds
Number of updated asset objects reloaded before import = 0
Number of asset objects unloaded after import = 31
========================================================================
Received Import Request.
  Time since last request: 0.000064 seconds.
  path: Assets/Runemark Studio/Freebies/Polygon Desert Pack/Meshes/rock08.obj
  artifactKey: Guid(acdaefb8a11ff7f4bacce3c8b0ceb3e1) Importer(815301076,1909f56bfc062723c751e8b465ee728b)
Start importing Assets/Runemark Studio/Freebies/Polygon Desert Pack/Meshes/rock08.obj using Guid(acdaefb8a11ff7f4bacce3c8b0ceb3e1) Importer(815301076,1909f56bfc062723c751e8b465ee728b)  -> (artifact id: '3b4c7721134e851d74e10069389f08db') in 0.020884 seconds
Number of updated asset objects reloaded before import = 0
Number of asset objects unloaded after import = 10
========================================================================
Received Import Request.
  Time since last request: 0.000117 seconds.
  path: Assets/Polylised - Medieval Desert City/Models/Props/Materials/tent_black.mat
  artifactKey: Guid(3a420a8e3cc3c8d47b6b4e98beedf04a) Importer(815301076,1909f56bfc062723c751e8b465ee728b)
Start importing Assets/Polylised - Medieval Desert City/Models/Props/Materials/tent_black.mat using Guid(3a420a8e3cc3c8d47b6b4e98beedf04a) Importer(815301076,1909f56bfc062723c751e8b465ee728b)  -> (artifact id: '5fec21434a084d28a053f8859dceee7b') in 0.008856 seconds
Number of updated asset objects reloaded before import = 0
Number of asset objects unloaded after import = 1
========================================================================
Received Import Request.
  Time since last request: 0.000655 seconds.
  path: Assets/Polylised - Medieval Desert City/Models/Props/Materials/Wall_1.mat
  artifactKey: Guid(1c73088ad245b4841ab3b4f775e94e7c) Importer(815301076,1909f56bfc062723c751e8b465ee728b)
Start importing Assets/Polylised - Medieval Desert City/Models/Props/Materials/Wall_1.mat using Guid(1c73088ad245b4841ab3b4f775e94e7c) Importer(815301076,1909f56bfc062723c751e8b465ee728b)  -> (artifact id: '84a50030d45eff86d392f817732afc13') in 0.013765 seconds
Number of updated asset objects reloaded before import = 0
Number of asset objects unloaded after import = 1
========================================================================
Received Import Request.
  Time since last request: 0.000210 seconds.
  path: Assets/Polylised - Medieval Desert City/Models/Trees/Materials/Wood_0.mat
  artifactKey: Guid(14066eaf04f8aa5468cf2ed21942c50f) Importer(815301076,1909f56bfc062723c751e8b465ee728b)
Start importing Assets/Polylised - Medieval Desert City/Models/Trees/Materials/Wood_0.mat using Guid(14066eaf04f8aa5468cf2ed21942c50f) Importer(815301076,1909f56bfc062723c751e8b465ee728b)  -> (artifact id: 'aa73e5d5d4ed079ac6e8a856211a731d') in 0.008279 seconds
Number of updated asset objects reloaded before import = 0
Number of asset objects unloaded after import = 1
========================================================================
Received Import Request.
  Time since last request: 0.000283 seconds.
  path: Assets/RPG Monster DUO PBR Polyart/Animations/Slime/Dizzy_Slime_Anim.fbx
  artifactKey: Guid(27743490eac74431aeb32e3ceedbeb42) Importer(815301076,1909f56bfc062723c751e8b465ee728b)
Start importing Assets/RPG Monster DUO PBR Polyart/Animations/Slime/Dizzy_Slime_Anim.fbx using Guid(27743490eac74431aeb32e3ceedbeb42) Importer(815301076,1909f56bfc062723c751e8b465ee728b)  -> (artifact id: 'd04a10d32520d7e108241383c08befe6') in 0.025925 seconds
Number of updated asset objects reloaded before import = 0
Number of asset objects unloaded after import = 31
========================================================================
Received Import Request.
  Time since last request: 0.000083 seconds.
  path: Assets/RPG Monster DUO PBR Polyart/Meshes/TurtleShellPolyartMesh.fbx
  artifactKey: Guid(942e6d5330e147fe84c5ab6ab2193ca1) Importer(815301076,1909f56bfc062723c751e8b465ee728b)
Start importing Assets/RPG Monster DUO PBR Polyart/Meshes/TurtleShellPolyartMesh.fbx using Guid(942e6d5330e147fe84c5ab6ab2193ca1) Importer(815301076,1909f56bfc062723c751e8b465ee728b)  -> (artifact id: '5fb714a74d6ac94be25d78bb40cae029') in 0.023069 seconds
Number of updated asset objects reloaded before import = 0
Number of asset objects unloaded after import = 70
========================================================================
Received Import Request.
  Time since last request: 0.000067 seconds.
  path: Assets/RPG Monster DUO PBR Polyart/Animations/TurtleShell/Victory_TurtleShell_Anim.fbx
  artifactKey: Guid(e80217b862954c6fb42b39ddd149cf64) Importer(815301076,1909f56bfc062723c751e8b465ee728b)
Start importing Assets/RPG Monster DUO PBR Polyart/Animations/TurtleShell/Victory_TurtleShell_Anim.fbx using Guid(e80217b862954c6fb42b39ddd149cf64) Importer(815301076,1909f56bfc062723c751e8b465ee728b)  -> (artifact id: '6bf66ab1d129dc35c206130225da59b8') in 0.023203 seconds
Number of updated asset objects reloaded before import = 0
Number of asset objects unloaded after import = 71
========================================================================
Received Import Request.
  Time since last request: 0.000095 seconds.
  path: Assets/RPG Monster DUO PBR Polyart/Animations/TurtleShell/Attack02_TurtleShell_Anim.fbx
  artifactKey: Guid(38db71b772e940b791a0d173406cbb04) Importer(815301076,1909f56bfc062723c751e8b465ee728b)
Start importing Assets/RPG Monster DUO PBR Polyart/Animations/TurtleShell/Attack02_TurtleShell_Anim.fbx using Guid(38db71b772e940b791a0d173406cbb04) Importer(815301076,1909f56bfc062723c751e8b465ee728b)  -> (artifact id: 'b15dfb7997248110b36693b036af2092') in 0.026565 seconds
Number of updated asset objects reloaded before import = 0
Number of asset objects unloaded after import = 71
========================================================================
Received Import Request.
  Time since last request: 0.001757 seconds.
  path: Assets/Runemark Studio/Freebies/Polygon Desert Pack/Meshes/rock07.obj
  artifactKey: Guid(7d39097ddbb0a5844beb53d63bfbe52a) Importer(815301076,1909f56bfc062723c751e8b465ee728b)
Start importing Assets/Runemark Studio/Freebies/Polygon Desert Pack/Meshes/rock07.obj using Guid(7d39097ddbb0a5844beb53d63bfbe52a) Importer(815301076,1909f56bfc062723c751e8b465ee728b)  -> (artifact id: 'adb54d17cd7e679e9637e09d6ad2a888') in 0.027222 seconds
Number of updated asset objects reloaded before import = 0
Number of asset objects unloaded after import = 10
========================================================================
Received Import Request.
  Time since last request: 0.001584 seconds.
  path: Assets/RPG Monster DUO PBR Polyart/Animations/TurtleShell/SenseSomethingRT_TurtleShell_Anim.fbx
  artifactKey: Guid(25c79772d5ff4896b07d0ddbcb0c9cd8) Importer(815301076,1909f56bfc062723c751e8b465ee728b)
Start importing Assets/RPG Monster DUO PBR Polyart/Animations/TurtleShell/SenseSomethingRT_TurtleShell_Anim.fbx using Guid(25c79772d5ff4896b07d0ddbcb0c9cd8) Importer(815301076,1909f56bfc062723c751e8b465ee728b)  -> (artifact id: '88ef49987a7c976899149118a83d634d') in 0.038085 seconds
Number of updated asset objects reloaded before import = 0
Number of asset objects unloaded after import = 71
========================================================================
Received Import Request.
  Time since last request: 0.000219 seconds.
  path: Assets/Polylised - Medieval Desert City/Models/Civilian_Buildings/Materials/Window_0.mat
  artifactKey: Guid(9923ec4feaebca94382cb2c29c582cfe) Importer(815301076,1909f56bfc062723c751e8b465ee728b)
Start importing Assets/Polylised - Medieval Desert City/Models/Civilian_Buildings/Materials/Window_0.mat using Guid(9923ec4feaebca94382cb2c29c582cfe) Importer(815301076,1909f56bfc062723c751e8b465ee728b)  -> (artifact id: 'b42aec2d6872fb91d80e8cd69b5716c7') in 0.011493 seconds
Number of updated asset objects reloaded before import = 0
Number of asset objects unloaded after import = 1
========================================================================
Received Import Request.
  Time since last request: 0.000099 seconds.
  path: Assets/Polylised - Medieval Desert City/Models/Props/Materials/Wall_0.mat
  artifactKey: Guid(f6f7f8ddd3423e04d9b67e8c86f6431c) Importer(815301076,1909f56bfc062723c751e8b465ee728b)
Start importing Assets/Polylised - Medieval Desert City/Models/Props/Materials/Wall_0.mat using Guid(f6f7f8ddd3423e04d9b67e8c86f6431c) Importer(815301076,1909f56bfc062723c751e8b465ee728b)  -> (artifact id: '9d7c7d6a57a71cc3d2fe1fcb4581fc17') in 0.009796 seconds
Number of updated asset objects reloaded before import = 0
Number of asset objects unloaded after import = 1
========================================================================
Received Import Request.
  Time since last request: 0.000101 seconds.
  path: Assets/Runemark Studio/Freebies/PolyDesert Mobile/Meshes/rock03.obj
  artifactKey: Guid(fbaa04fc5cd86f140a9670f8828d15c8) Importer(815301076,1909f56bfc062723c751e8b465ee728b)
Start importing Assets/Runemark Studio/Freebies/PolyDesert Mobile/Meshes/rock03.obj using Guid(fbaa04fc5cd86f140a9670f8828d15c8) Importer(815301076,1909f56bfc062723c751e8b465ee728b)  -> (artifact id: '6590724c8172d101b63c10e6ff689dc2') in 0.023866 seconds
Number of updated asset objects reloaded before import = 0
Number of asset objects unloaded after import = 10
========================================================================
Received Import Request.
  Time since last request: 0.000133 seconds.
  path: Assets/RPG Monster DUO PBR Polyart/Animations/Slime/Attack02_Slime_Anim.fbx
  artifactKey: Guid(ced1d66978a144d0b646ff621ebe620c) Importer(815301076,1909f56bfc062723c751e8b465ee728b)
Start importing Assets/RPG Monster DUO PBR Polyart/Animations/Slime/Attack02_Slime_Anim.fbx using Guid(ced1d66978a144d0b646ff621ebe620c) Importer(815301076,1909f56bfc062723c751e8b465ee728b)  -> (artifact id: 'b2bd5ca156c182c530a36421783b57eb') in 0.025086 seconds
Number of updated asset objects reloaded before import = 0
Number of asset objects unloaded after import = 31
========================================================================
Received Import Request.
  Time since last request: 0.000138 seconds.
  path: Assets/Polylised - Medieval Desert City/Models/Civilian_Buildings/Materials/Water_0.mat
  artifactKey: Guid(daa0d85512ba7c542ab87da197dcbd3e) Importer(815301076,1909f56bfc062723c751e8b465ee728b)
Start importing Assets/Polylised - Medieval Desert City/Models/Civilian_Buildings/Materials/Water_0.mat using Guid(daa0d85512ba7c542ab87da197dcbd3e) Importer(815301076,1909f56bfc062723c751e8b465ee728b)  -> (artifact id: '438b05e79cbe5b0d8159103fb8dece66') in 0.122035 seconds
Number of updated asset objects reloaded before import = 0
Number of asset objects unloaded after import = 1
========================================================================
Received Import Request.
  Time since last request: 0.000141 seconds.
  path: Assets/Polylised - Medieval Desert City/Models/Props/Materials/Wood_0.mat
  artifactKey: Guid(a977b7a30d92ddb40a72f93537ca2718) Importer(815301076,1909f56bfc062723c751e8b465ee728b)
Start importing Assets/Polylised - Medieval Desert City/Models/Props/Materials/Wood_0.mat using Guid(a977b7a30d92ddb40a72f93537ca2718) Importer(815301076,1909f56bfc062723c751e8b465ee728b)  -> (artifact id: 'bfb99d1985fafe38c1f9396c2bf54d80') in 0.009526 seconds
Number of updated asset objects reloaded before import = 0
Number of asset objects unloaded after import = 1
========================================================================
Received Import Request.
  Time since last request: 0.000223 seconds.
  path: Assets/Runemark Studio/Freebies/Polygon Desert Pack/Meshes/rock04.obj
  artifactKey: Guid(f0047113c601ad647a5e275454470442) Importer(815301076,1909f56bfc062723c751e8b465ee728b)
Start importing Assets/Runemark Studio/Freebies/Polygon Desert Pack/Meshes/rock04.obj using Guid(f0047113c601ad647a5e275454470442) Importer(815301076,1909f56bfc062723c751e8b465ee728b)  -> (artifact id: '057f8b21a66ae737e8ffe82d4c60cfa0') in 0.023441 seconds
Number of updated asset objects reloaded before import = 0
Number of asset objects unloaded after import = 10
========================================================================
Received Import Request.
  Time since last request: 0.000072 seconds.
  path: Assets/Polylised - Medieval Desert City/Models/Civilian_Buildings/Materials/Wall_1.mat
  artifactKey: Guid(a0c6c4757d70d784b9a1cb379ed3b317) Importer(815301076,1909f56bfc062723c751e8b465ee728b)
Start importing Assets/Polylised - Medieval Desert City/Models/Civilian_Buildings/Materials/Wall_1.mat using Guid(a0c6c4757d70d784b9a1cb379ed3b317) Importer(815301076,1909f56bfc062723c751e8b465ee728b)  -> (artifact id: '3cb1859ac1a6bbadbb0dd244230197ff') in 0.007927 seconds
Number of updated asset objects reloaded before import = 0
Number of asset objects unloaded after import = 1
========================================================================
Received Import Request.
  Time since last request: 0.000217 seconds.
  path: Assets/RPG Monster DUO PBR Polyart/Animations/TurtleShell/Walk_TurtleShell_Anim.fbx
  artifactKey: Guid(70329e6db728412fb2a6e0371aaaa001) Importer(815301076,1909f56bfc062723c751e8b465ee728b)
Start importing Assets/RPG Monster DUO PBR Polyart/Animations/TurtleShell/Walk_TurtleShell_Anim.fbx using Guid(70329e6db728412fb2a6e0371aaaa001) Importer(815301076,1909f56bfc062723c751e8b465ee728b)  -> (artifact id: '92c1a4b0166959674bcf1ee5f07c2606') in 0.020518 seconds
Number of updated asset objects reloaded before import = 0
Number of asset objects unloaded after import = 71
========================================================================
Received Import Request.
  Time since last request: 0.000083 seconds.
  path: Assets/RPG Monster DUO PBR Polyart/Animations/Slime/SenseSomethingStart_Slime_Anim.fbx
  artifactKey: Guid(52f55a0ad2124db592843132cd892ab4) Importer(815301076,1909f56bfc062723c751e8b465ee728b)
Start importing Assets/RPG Monster DUO PBR Polyart/Animations/Slime/SenseSomethingStart_Slime_Anim.fbx using Guid(52f55a0ad2124db592843132cd892ab4) Importer(815301076,1909f56bfc062723c751e8b465ee728b)  -> (artifact id: '8cdc128d08172991cb7bfbb64383cd1c') in 0.021872 seconds
Number of updated asset objects reloaded before import = 0
Number of asset objects unloaded after import = 31
========================================================================
Received Import Request.
  Time since last request: 0.000401 seconds.
  path: Assets/Runemark Studio/Freebies/Polygon Desert Pack/Meshes/rock05.obj
  artifactKey: Guid(04e86de541c64d74f909d6c010405f9b) Importer(815301076,1909f56bfc062723c751e8b465ee728b)
Start importing Assets/Runemark Studio/Freebies/Polygon Desert Pack/Meshes/rock05.obj using Guid(04e86de541c64d74f909d6c010405f9b) Importer(815301076,1909f56bfc062723c751e8b465ee728b)  -> (artifact id: '8c9ab79b42fa3ff22d5c1ef0f452be23') in 0.019523 seconds
Number of updated asset objects reloaded before import = 0
Number of asset objects unloaded after import = 10
========================================================================
Received Import Request.
  Time since last request: 0.000143 seconds.
  path: Assets/RPG Monster DUO PBR Polyart/Animations/TurtleShell/GetHit_TurtleShell_Anim.fbx
  artifactKey: Guid(ee7bb9ee4f2544619d907133f41c9fc1) Importer(815301076,1909f56bfc062723c751e8b465ee728b)
Start importing Assets/RPG Monster DUO PBR Polyart/Animations/TurtleShell/GetHit_TurtleShell_Anim.fbx using Guid(ee7bb9ee4f2544619d907133f41c9fc1) Importer(815301076,1909f56bfc062723c751e8b465ee728b)  -> (artifact id: 'b0be4c8f0ebd3e110a0d9c6fb88752ce') in 0.033656 seconds
Number of updated asset objects reloaded before import = 0
Number of asset objects unloaded after import = 71
========================================================================
Received Import Request.
  Time since last request: 0.000136 seconds.
  path: Assets/RPG Monster DUO PBR Polyart/Animations/Slime/Attack01_Slime_Anim.fbx
  artifactKey: Guid(b2c5dad1c2b246f48024751ad65ef02b) Importer(815301076,1909f56bfc062723c751e8b465ee728b)
Start importing Assets/RPG Monster DUO PBR Polyart/Animations/Slime/Attack01_Slime_Anim.fbx using Guid(b2c5dad1c2b246f48024751ad65ef02b) Importer(815301076,1909f56bfc062723c751e8b465ee728b)  -> (artifact id: '47966847bb090efa6d2020215608be3b') in 0.024870 seconds
Number of updated asset objects reloaded before import = 0
Number of asset objects unloaded after import = 31
========================================================================
Received Import Request.
  Time since last request: 0.000115 seconds.
  path: Assets/RPG Monster DUO PBR Polyart/Animations/TurtleShell/Die_TurtleShell_Anim.fbx
  artifactKey: Guid(b5feebd3cb9a4b82aa44801bbe7548bb) Importer(815301076,1909f56bfc062723c751e8b465ee728b)
Start importing Assets/RPG Monster DUO PBR Polyart/Animations/TurtleShell/Die_TurtleShell_Anim.fbx using Guid(b5feebd3cb9a4b82aa44801bbe7548bb) Importer(815301076,1909f56bfc062723c751e8b465ee728b)  -> (artifact id: '063080a37bb8f46829f0d92accaa8be7') in 0.023170 seconds
Number of updated asset objects reloaded before import = 0
Number of asset objects unloaded after import = 71
========================================================================
Received Import Request.
  Time since last request: 0.000070 seconds.
  path: Assets/Polylised - Medieval Desert City/Models/Terrain/Materials/sky.mat
  artifactKey: Guid(2ef39320f0049664da358bbf1fdfb05b) Importer(815301076,1909f56bfc062723c751e8b465ee728b)
Start importing Assets/Polylised - Medieval Desert City/Models/Terrain/Materials/sky.mat using Guid(2ef39320f0049664da358bbf1fdfb05b) Importer(815301076,1909f56bfc062723c751e8b465ee728b)  -> (artifact id: 'c801530f98acae77536fb5e46933f3c8') in 0.550655 seconds
Number of updated asset objects reloaded before import = 0
Number of asset objects unloaded after import = 2
========================================================================
Received Prepare
Begin MonoManager ReloadAssembly
Thread 0x17f353000 may have been prematurely finalized
- Loaded All Assemblies, in  0.444 seconds
Refreshing native plugins compatible for Editor in 1.46 ms, found 2 plugins.
Native extension for OSXStandalone target not found
[Package Manager] Server::EnsureServerProcessIsRunning -- launch failed, reason: Unity was launched with the -noUpm command-line argument
[Package Manager] UpmClient::Send -- Unable to send message (not connected to UPM process).
[Package Manager] Cannot connect to Unity Package Manager local server
Mono: successfully reloaded assembly
- Finished resetting the current domain, in  1.425 seconds
Domain Reload Profiling: 1870ms
	BeginReloadAssembly (152ms)
		ExecutionOrderSort (0ms)
		DisableScriptedObjects (5ms)
		BackupInstance (0ms)
		ReleaseScriptingObjects (0ms)
		CreateAndSetChildDomain (66ms)
	RebuildCommonClasses (40ms)
	RebuildNativeTypeToScriptingClass (14ms)
	initialDomainReloadingComplete (23ms)
	LoadAllAssembliesAndSetupDomain (214ms)
		LoadAssemblies (240ms)
		RebuildTransferFunctionScriptingTraits (0ms)
		AnalyzeDomain (22ms)
			TypeCache.Refresh (12ms)
				TypeCache.ScanAssembly (0ms)
			ScanForSourceGeneratedMonoScriptInfo (0ms)
			ResolveRequiredComponents (9ms)
	FinalizeReload (1426ms)
		ReleaseScriptCaches (0ms)
		RebuildScriptCaches (0ms)
		SetupLoadedEditorAssemblies (734ms)
			LogAssemblyErrors (0ms)
			InitializePlatformSupportModulesInManaged (5ms)
			SetLoadedEditorAssemblies (7ms)
			RefreshPlugins (0ms)
			BeforeProcessingInitializeOnLoad (105ms)
			ProcessInitializeOnLoadAttributes (576ms)
			ProcessInitializeOnLoadMethodAttributes (38ms)
			AfterProcessingInitializeOnLoad (2ms)
			EditorAssembliesLoaded (0ms)
		ExecutionOrderSort2 (0ms)
		AwakeInstancesAfterBackupRestoration (8ms)
Refreshing native plugins compatible for Editor in 3.09 ms, found 2 plugins.
Preloading 0 native plugins for Editor in 0.00 ms.
Unloading 3167 Unused Serialized files (Serialized files now loaded: 0)
Unloading 23 unused Assets / (30.8 KB). Loaded Objects now: 3714.
Memory consumption went from 147.9 MB to 147.9 MB.
Total: 7.511750 ms (FindLiveObjects: 0.556833 ms CreateObjectMapping: 0.137125 ms MarkObjects: 6.696209 ms  DeleteObjects: 0.120417 ms)

Prepare: number of updated asset objects reloaded= 0
AssetImportParameters requested are different than current active one (requested -> active):
  custom:container-demuxer-ogg: 62fdf1f143b41e24485cea50d1cbac27 -> 
  custom:video-decoder-ogg-theora: a1e56fd34408186e4bbccfd4996cb3dc -> 
  custom:CustomObjectIndexerAttribute: 9a22284fe3817be447336de3de66b15e -> 
  custom:container-demuxer-webm: 4f35f7cbe854078d1ac9338744f61a02 -> 
  custom:container-muxer-webm: aa71ff27fc2769a1b78a27578f13a17b -> 
  custom:video-decoder-webm-vp8: 9c59270c3fd7afecdb556c50c9e8de78 -> 
  custom:SearchIndexIgnoredProperties: e643bd26f0fe6173181afceb89e7c659 -> 
  custom:AudioImporter_EditorPlatform: 3918e3fc78b5a79bad01e8451be0beb8 -> 
  custom:framework-osx-AVFoundation: e770b220cccbd017edd2c1fefb359320 -> 
  custom:video-encoder-webm-vp8: eb34c28f22e8b96e1ab97ce403110664 -> 
  custom:audio-decoder-ogg-vorbis: bf7c407c2cedff20999df2af8eb42d56 -> 
  custom:audio-encoder-webm-vorbis: bf7c407c2cedff20999df2af8eb42d56 -> 
========================================================================
Received Import Request.
  Time since last request: 25.601455 seconds.
  path: Assets/Polylised - Medieval Desert City/Models/Civilian_Buildings/Materials/Roof_0.mat
  artifactKey: Guid(d02941c1bdfb033478a0c8b66f4b4cf8) Importer(815301076,1909f56bfc062723c751e8b465ee728b)
Start importing Assets/Polylised - Medieval Desert City/Models/Civilian_Buildings/Materials/Roof_0.mat using Guid(d02941c1bdfb033478a0c8b66f4b4cf8) Importer(815301076,1909f56bfc062723c751e8b465ee728b)  -> (artifact id: 'd76cb975d0505f8d1d0a2a79cd793944') in 0.107018 seconds
Number of updated asset objects reloaded before import = 0
Number of asset objects unloaded after import = 1
========================================================================
Received Import Request.
  Time since last request: 0.000064 seconds.
  path: Assets/Polylised - Medieval Desert City/Models/Props/Materials/Roof_2.mat
  artifactKey: Guid(abf229e3b5b878f4cb026154aeee9067) Importer(815301076,1909f56bfc062723c751e8b465ee728b)
Start importing Assets/Polylised - Medieval Desert City/Models/Props/Materials/Roof_2.mat using Guid(abf229e3b5b878f4cb026154aeee9067) Importer(815301076,1909f56bfc062723c751e8b465ee728b)  -> (artifact id: '22aa14ecc3b74d3bac18512ab55c68d3') in 0.006041 seconds
Number of updated asset objects reloaded before import = 0
Number of asset objects unloaded after import = 1
========================================================================
Received Import Request.
  Time since last request: 0.000156 seconds.
  path: Assets/Polylised - Medieval Desert City/Models/Props/Materials/Roof_1.mat
  artifactKey: Guid(4cb0bc10a45dd6b48bb7d65e61629a56) Importer(815301076,1909f56bfc062723c751e8b465ee728b)
Start importing Assets/Polylised - Medieval Desert City/Models/Props/Materials/Roof_1.mat using Guid(4cb0bc10a45dd6b48bb7d65e61629a56) Importer(815301076,1909f56bfc062723c751e8b465ee728b)  -> (artifact id: '605dbf1b8e23e51de9d0728b198416f0') in 0.013761 seconds
Number of updated asset objects reloaded before import = 0
Number of asset objects unloaded after import = 1
========================================================================
Received Import Request.
  Time since last request: 0.000126 seconds.
  path: Assets/Polylised - Medieval Desert City/Models/Props/Materials/Rope_0.mat
  artifactKey: Guid(312e8c9d96c215148b29f696d927396e) Importer(815301076,1909f56bfc062723c751e8b465ee728b)
Start importing Assets/Polylised - Medieval Desert City/Models/Props/Materials/Rope_0.mat using Guid(312e8c9d96c215148b29f696d927396e) Importer(815301076,1909f56bfc062723c751e8b465ee728b)  -> (artifact id: '97734e9874719a05bf7e27ede26d6755') in 0.005574 seconds
Number of updated asset objects reloaded before import = 0
Number of asset objects unloaded after import = 1
========================================================================
Received Import Request.
  Time since last request: 0.031109 seconds.
  path: Assets/Polylised - Medieval Desert City/Models/Terrain/Materials/No Name.mat
  artifactKey: Guid(0f61eae05470b4037967a2fa98f4ef89) Importer(815301076,1909f56bfc062723c751e8b465ee728b)
Start importing Assets/Polylised - Medieval Desert City/Models/Terrain/Materials/No Name.mat using Guid(0f61eae05470b4037967a2fa98f4ef89) Importer(815301076,1909f56bfc062723c751e8b465ee728b)  -> (artifact id: '9beb5d91ec86cf6a1ff24006af00470f') in 0.005360 seconds
Number of updated asset objects reloaded before import = 0
Number of asset objects unloaded after import = 1
========================================================================
Received Import Request.
  Time since last request: 0.000082 seconds.
  path: Assets/Runemark Studio/Freebies/PolyDesert Mobile/Meshes/Materials/polydesert_atlas.mat
  artifactKey: Guid(112298cd96534a44fa112c83939ac783) Importer(815301076,1909f56bfc062723c751e8b465ee728b)
Start importing Assets/Runemark Studio/Freebies/PolyDesert Mobile/Meshes/Materials/polydesert_atlas.mat using Guid(112298cd96534a44fa112c83939ac783) Importer(815301076,1909f56bfc062723c751e8b465ee728b)  -> (artifact id: 'fd08a6a892f5625516b67c4ac1b01b22') in 0.006454 seconds
Number of updated asset objects reloaded before import = 0
Number of asset objects unloaded after import = 2
========================================================================
Received Import Request.
  Time since last request: 0.000095 seconds.
  path: Assets/Polylised - Medieval Desert City/Models/Props/Materials/Roof_0.mat
  artifactKey: Guid(71c41a384f14f6241bcc903303563ed7) Importer(815301076,1909f56bfc062723c751e8b465ee728b)
Start importing Assets/Polylised - Medieval Desert City/Models/Props/Materials/Roof_0.mat using Guid(71c41a384f14f6241bcc903303563ed7) Importer(815301076,1909f56bfc062723c751e8b465ee728b)  -> (artifact id: '664cb7dd0596c25f074c8b9b4d6f5290') in 0.008171 seconds
Number of updated asset objects reloaded before import = 0
Number of asset objects unloaded after import = 1
========================================================================
Received Import Request.
  Time since last request: 0.000157 seconds.
  path: Assets/TextMesh Pro/Examples & Extras/Resources/Fonts & Materials/Roboto-Bold SDF - Surface.mat
  artifactKey: Guid(e6b276ec991f467aa14ef1f3cc665993) Importer(815301076,1909f56bfc062723c751e8b465ee728b)
Start importing Assets/TextMesh Pro/Examples & Extras/Resources/Fonts & Materials/Roboto-Bold SDF - Surface.mat using Guid(e6b276ec991f467aa14ef1f3cc665993) Importer(815301076,1909f56bfc062723c751e8b465ee728b)  -> (artifact id: '3c9b47de9dbafbe8a9ec3bf9f2cb663a') in 0.221635 seconds
Number of updated asset objects reloaded before import = 0
Number of asset objects unloaded after import = 2
========================================================================
Received Import Request.
  Time since last request: 0.158581 seconds.
  path: Assets/Polylised - Medieval Desert City/Models/Civilian_Buildings/Materials/Light.mat
  artifactKey: Guid(cee5cdb0471bc6f428e3d6d723de9f39) Importer(815301076,1909f56bfc062723c751e8b465ee728b)
Start importing Assets/Polylised - Medieval Desert City/Models/Civilian_Buildings/Materials/Light.mat using Guid(cee5cdb0471bc6f428e3d6d723de9f39) Importer(815301076,1909f56bfc062723c751e8b465ee728b)  -> (artifact id: 'd6e651c85509b5d3d6f678dcfe5297fb') in 0.008008 seconds
Number of updated asset objects reloaded before import = 0
Number of asset objects unloaded after import = 1
========================================================================
Received Import Request.
  Time since last request: 0.000105 seconds.
  path: Assets/Polylised - Medieval Desert City/Models/Terrain/Materials/mountain_1.mat
  artifactKey: Guid(df44eafb658594722bd4251f17e009c5) Importer(815301076,1909f56bfc062723c751e8b465ee728b)
Start importing Assets/Polylised - Medieval Desert City/Models/Terrain/Materials/mountain_1.mat using Guid(df44eafb658594722bd4251f17e009c5) Importer(815301076,1909f56bfc062723c751e8b465ee728b)  -> (artifact id: '6b6777584d438e4579ed35f34b09e9f9') in 0.005522 seconds
Number of updated asset objects reloaded before import = 0
Number of asset objects unloaded after import = 1
========================================================================
Received Import Request.
  Time since last request: 0.000182 seconds.
  path: Assets/Polylised - Medieval Desert City/Models/Civilian_Buildings/Materials/Metal_0.mat
  artifactKey: Guid(21f5d46cfbe5a1944a447dbbd51d3386) Importer(815301076,1909f56bfc062723c751e8b465ee728b)
Start importing Assets/Polylised - Medieval Desert City/Models/Civilian_Buildings/Materials/Metal_0.mat using Guid(21f5d46cfbe5a1944a447dbbd51d3386) Importer(815301076,1909f56bfc062723c751e8b465ee728b)  -> (artifact id: '1baaa2641532266aa5eb87d892fd1bd3') in 0.007970 seconds
Number of updated asset objects reloaded before import = 0
Number of asset objects unloaded after import = 1
========================================================================
Received Import Request.
  Time since last request: 0.000171 seconds.
  path: Assets/Polylised - Medieval Desert City/Models/Terrain/Materials/mountain_2.mat
  artifactKey: Guid(5f9bd6d2cf7e748ea80fe00c2abef06e) Importer(815301076,1909f56bfc062723c751e8b465ee728b)
Start importing Assets/Polylised - Medieval Desert City/Models/Terrain/Materials/mountain_2.mat using Guid(5f9bd6d2cf7e748ea80fe00c2abef06e) Importer(815301076,1909f56bfc062723c751e8b465ee728b)  -> (artifact id: '298ab611821389ea32b87a160d7e2b15') in 0.005530 seconds
Number of updated asset objects reloaded before import = 0
Number of asset objects unloaded after import = 1
========================================================================
Received Import Request.
  Time since last request: 0.646048 seconds.
  path: Assets/Polylised - Medieval Desert City/Models/Props/Materials/ground_1.mat
  artifactKey: Guid(22da5593f4de2f9449695653c17a93bc) Importer(815301076,1909f56bfc062723c751e8b465ee728b)
Start importing Assets/Polylised - Medieval Desert City/Models/Props/Materials/ground_1.mat using Guid(22da5593f4de2f9449695653c17a93bc) Importer(815301076,1909f56bfc062723c751e8b465ee728b)  -> (artifact id: 'a2699b440d800275615649544524b9a8') in 0.005749 seconds
Number of updated asset objects reloaded before import = 0
Number of asset objects unloaded after import = 1
========================================================================
Received Import Request.
  Time since last request: 0.001049 seconds.
  path: Assets/TextMesh Pro/Resources/Fonts & Materials/LiberationSans SDF - Outline.mat
  artifactKey: Guid(79459efec17a4d00a321bdcc27bbc385) Importer(815301076,1909f56bfc062723c751e8b465ee728b)
Start importing Assets/TextMesh Pro/Resources/Fonts & Materials/LiberationSans SDF - Outline.mat using Guid(79459efec17a4d00a321bdcc27bbc385) Importer(815301076,1909f56bfc062723c751e8b465ee728b)  -> (artifact id: 'b0f249332f408710feeb09b8a746c6f7') in 0.178013 seconds
Number of updated asset objects reloaded before import = 0
Number of asset objects unloaded after import = 2
========================================================================
Received Import Request.
  Time since last request: 0.000142 seconds.
  path: Assets/TextMesh Pro/Examples & Extras/Resources/Fonts & Materials/LiberationSans SDF - Metalic Green.mat
  artifactKey: Guid(8b29aaa3eec7468097ff07adfcf29ac9) Importer(815301076,1909f56bfc062723c751e8b465ee728b)
Start importing Assets/TextMesh Pro/Examples & Extras/Resources/Fonts & Materials/LiberationSans SDF - Metalic Green.mat using Guid(8b29aaa3eec7468097ff07adfcf29ac9) Importer(815301076,1909f56bfc062723c751e8b465ee728b)  -> (artifact id: '81da450ef28a249d4e5d77a7df217bea') in 0.260529 seconds
Number of updated asset objects reloaded before import = 0
Number of asset objects unloaded after import = 4
========================================================================
Received Import Request.
  Time since last request: 0.518017 seconds.
  path: Assets/TextMesh Pro/Examples & Extras/Fonts/Anton.ttf
  artifactKey: Guid(997a43b767814dd0a7642ec9b78cba41) Importer(815301076,1909f56bfc062723c751e8b465ee728b)
Start importing Assets/TextMesh Pro/Examples & Extras/Fonts/Anton.ttf using Guid(997a43b767814dd0a7642ec9b78cba41) Importer(815301076,1909f56bfc062723c751e8b465ee728b)  -> (artifact id: '7a0523b0a142a2e037c10d57186ce454') in 0.023018 seconds
Number of updated asset objects reloaded before import = 0
Number of asset objects unloaded after import = 4
========================================================================
Received Import Request.
  Time since last request: 0.000066 seconds.
  path: Assets/TextMesh Pro/Examples & Extras/Fonts/Roboto-Bold.ttf
  artifactKey: Guid(4beb055f07aaff244873dec698d0363e) Importer(815301076,1909f56bfc062723c751e8b465ee728b)
Start importing Assets/TextMesh Pro/Examples & Extras/Fonts/Roboto-Bold.ttf using Guid(4beb055f07aaff244873dec698d0363e) Importer(815301076,1909f56bfc062723c751e8b465ee728b)  -> (artifact id: '871f5679877c4b9f49f6576da2725af2') in 0.013297 seconds
Number of updated asset objects reloaded before import = 0
Number of asset objects unloaded after import = 4
========================================================================
Received Import Request.
  Time since last request: 0.000107 seconds.
  path: Assets/Polylised - Medieval Desert City/Models/Trees/Materials/ground_1.mat
  artifactKey: Guid(365eb51dd4ad56342a6668b9dcdf73b4) Importer(815301076,1909f56bfc062723c751e8b465ee728b)
Start importing Assets/Polylised - Medieval Desert City/Models/Trees/Materials/ground_1.mat using Guid(365eb51dd4ad56342a6668b9dcdf73b4) Importer(815301076,1909f56bfc062723c751e8b465ee728b)  -> (artifact id: '8465cbe28ffc8871351ebb6654086e74') in 0.006193 seconds
Number of updated asset objects reloaded before import = 0
Number of asset objects unloaded after import = 1
========================================================================
Received Import Request.
  Time since last request: 0.000213 seconds.
  path: Assets/TextMesh Pro/Examples & Extras/Materials/Ground - Surface Shader Scene.mat
  artifactKey: Guid(aadd5a709a48466c887296bb5b1b8110) Importer(815301076,1909f56bfc062723c751e8b465ee728b)
Start importing Assets/TextMesh Pro/Examples & Extras/Materials/Ground - Surface Shader Scene.mat using Guid(aadd5a709a48466c887296bb5b1b8110) Importer(815301076,1909f56bfc062723c751e8b465ee728b)  -> (artifact id: '08c0613405153a8b3bed2da9bb9c08df') in 0.008746 seconds
Number of updated asset objects reloaded before import = 0
Number of asset objects unloaded after import = 2
========================================================================
Received Import Request.
  Time since last request: 0.114731 seconds.
  path: Assets/Polylised - Medieval Desert City/Models/Props/Materials/default.mat
  artifactKey: Guid(9e2f7fa547ce04e84999aa0aa5c25289) Importer(815301076,1909f56bfc062723c751e8b465ee728b)
Start importing Assets/Polylised - Medieval Desert City/Models/Props/Materials/default.mat using Guid(9e2f7fa547ce04e84999aa0aa5c25289) Importer(815301076,1909f56bfc062723c751e8b465ee728b)  -> (artifact id: '3900c49c5dea57b7f53a514cf9fa057b') in 0.005065 seconds
Number of updated asset objects reloaded before import = 0
Number of asset objects unloaded after import = 1
========================================================================
Received Import Request.
  Time since last request: 0.000146 seconds.
  path: Assets/Runemark Studio/Freebies/Polygon Desert Pack/Materials/FlowerCenter.mat
  artifactKey: Guid(0d2b752cb7a0cfa4883178ad88553bc1) Importer(815301076,1909f56bfc062723c751e8b465ee728b)
Start importing Assets/Runemark Studio/Freebies/Polygon Desert Pack/Materials/FlowerCenter.mat using Guid(0d2b752cb7a0cfa4883178ad88553bc1) Importer(815301076,1909f56bfc062723c751e8b465ee728b)  -> (artifact id: '479910b4516ad69994c5309513cdb581') in 0.007361 seconds
Number of updated asset objects reloaded before import = 0
Number of asset objects unloaded after import = 1
========================================================================
Received Import Request.
  Time since last request: 0.000163 seconds.
  path: Assets/Runemark Studio/Freebies/Polygon Desert Pack/Materials/Flower.mat
  artifactKey: Guid(a0eb1ba83e4b048409871a19b9850bb6) Importer(815301076,1909f56bfc062723c751e8b465ee728b)
Start importing Assets/Runemark Studio/Freebies/Polygon Desert Pack/Materials/Flower.mat using Guid(a0eb1ba83e4b048409871a19b9850bb6) Importer(815301076,1909f56bfc062723c751e8b465ee728b)  -> (artifact id: '6029e992994168a57d852edc9b9b1c08') in 0.009086 seconds
Number of updated asset objects reloaded before import = 0
Number of asset objects unloaded after import = 1
========================================================================
Received Import Request.
  Time since last request: 0.000146 seconds.
  path: Assets/Runemark Studio/Freebies/Polygon Desert Pack/Meshes/Materials/defaultMat.mat
  artifactKey: Guid(7762fac154281ce40ae3cd0b4c18cfb6) Importer(815301076,1909f56bfc062723c751e8b465ee728b)
Start importing Assets/Runemark Studio/Freebies/Polygon Desert Pack/Meshes/Materials/defaultMat.mat using Guid(7762fac154281ce40ae3cd0b4c18cfb6) Importer(815301076,1909f56bfc062723c751e8b465ee728b)  -> (artifact id: '93ee49f69cd5c973b4df4d13dc14f601') in 0.004933 seconds
Number of updated asset objects reloaded before import = 0
Number of asset objects unloaded after import = 1
========================================================================
Received Import Request.
  Time since last request: 9.935035 seconds.
  path: Assets/Polylised - Medieval Desert City/Models/Civilian_Buildings/Materials/Cloth_3.mat
  artifactKey: Guid(d99f40f661faa30449eba51a6b6621b8) Importer(815301076,1909f56bfc062723c751e8b465ee728b)
Start importing Assets/Polylised - Medieval Desert City/Models/Civilian_Buildings/Materials/Cloth_3.mat using Guid(d99f40f661faa30449eba51a6b6621b8) Importer(815301076,1909f56bfc062723c751e8b465ee728b)  -> (artifact id: '833c9760ab8f80827f86388c1e83cc8f') in 0.011451 seconds
Number of updated asset objects reloaded before import = 0
Number of asset objects unloaded after import = 1
========================================================================
Received Import Request.
  Time since last request: 0.000373 seconds.
  path: Assets/Polylised - Medieval Desert City/Models/Civilian_Buildings/Materials/Cloth_6.mat
  artifactKey: Guid(a242f6773b4ccc74193e486bc805bfd7) Importer(815301076,1909f56bfc062723c751e8b465ee728b)
Start importing Assets/Polylised - Medieval Desert City/Models/Civilian_Buildings/Materials/Cloth_6.mat using Guid(a242f6773b4ccc74193e486bc805bfd7) Importer(815301076,1909f56bfc062723c751e8b465ee728b)  -> (artifact id: '0d6fe0a006940ef5fde0bebdc1a430ca') in 0.012490 seconds
Number of updated asset objects reloaded before import = 0
Number of asset objects unloaded after import = 1
========================================================================
Received Import Request.
  Time since last request: 0.000202 seconds.
  path: Assets/TextMesh Pro/Examples & Extras/Materials/Crate - Surface Shader Scene.mat
  artifactKey: Guid(e6b9b44320f4448d9d5e0ee634259966) Importer(815301076,1909f56bfc062723c751e8b465ee728b)
Start importing Assets/TextMesh Pro/Examples & Extras/Materials/Crate - Surface Shader Scene.mat using Guid(e6b9b44320f4448d9d5e0ee634259966) Importer(815301076,1909f56bfc062723c751e8b465ee728b)  -> (artifact id: 'a7b9747bdc024d3842b0fe6bfd62a73c') in 0.478599 seconds
Number of updated asset objects reloaded before import = 0
Number of asset objects unloaded after import = 3
========================================================================
Received Import Request.
  Time since last request: 14.505133 seconds.
  path: Assets/Polylised - Medieval Desert City/Models/Civilian_Buildings/Materials/Cloth_0.mat
  artifactKey: Guid(e82ace00f00645d49a08d75fd44ad39a) Importer(815301076,1909f56bfc062723c751e8b465ee728b)
Start importing Assets/Polylised - Medieval Desert City/Models/Civilian_Buildings/Materials/Cloth_0.mat using Guid(e82ace00f00645d49a08d75fd44ad39a) Importer(815301076,1909f56bfc062723c751e8b465ee728b)  -> (artifact id: 'a4e03c0edbde1d45dc7446020212fbea') in 0.011587 seconds
Number of updated asset objects reloaded before import = 0
Number of asset objects unloaded after import = 1
========================================================================
Received Import Request.
  Time since last request: 0.000098 seconds.
  path: Assets/Polylised - Medieval Desert City/Models/Civilian_Buildings/Materials/Cloth_2.mat
  artifactKey: Guid(1a01c6b18a1403543975a0427b9682e8) Importer(815301076,1909f56bfc062723c751e8b465ee728b)
Start importing Assets/Polylised - Medieval Desert City/Models/Civilian_Buildings/Materials/Cloth_2.mat using Guid(1a01c6b18a1403543975a0427b9682e8) Importer(815301076,1909f56bfc062723c751e8b465ee728b)  -> (artifact id: '3d6a691e15c57171fc61ea8916d3836b') in 0.008121 seconds
Number of updated asset objects reloaded before import = 0
Number of asset objects unloaded after import = 1
========================================================================
Received Import Request.
  Time since last request: 0.000216 seconds.
  path: Assets/Polylised - Medieval Desert City/Models/Props/Materials/Cloth_2.mat
  artifactKey: Guid(fcc03893a4d513a4a85a60d8849201a5) Importer(815301076,1909f56bfc062723c751e8b465ee728b)
Start importing Assets/Polylised - Medieval Desert City/Models/Props/Materials/Cloth_2.mat using Guid(fcc03893a4d513a4a85a60d8849201a5) Importer(815301076,1909f56bfc062723c751e8b465ee728b)  -> (artifact id: '48db63d41cfafa6a3f8eaceffdb35dff') in 0.009646 seconds
Number of updated asset objects reloaded before import = 0
Number of asset objects unloaded after import = 1
========================================================================
Received Import Request.
  Time since last request: 0.000039 seconds.
  path: Assets/Polylised - Medieval Desert City/Models/Props/Materials/Cloth_3.mat
  artifactKey: Guid(a69b6620a96fdac4fbbb93a665e18799) Importer(815301076,1909f56bfc062723c751e8b465ee728b)
Start importing Assets/Polylised - Medieval Desert City/Models/Props/Materials/Cloth_3.mat using Guid(a69b6620a96fdac4fbbb93a665e18799) Importer(815301076,1909f56bfc062723c751e8b465ee728b)  -> (artifact id: 'b564c5439a88c036bc893052f8305bcd') in 0.008263 seconds
Number of updated asset objects reloaded before import = 0
Number of asset objects unloaded after import = 1
========================================================================
Received Import Request.
  Time since last request: 19.137234 seconds.
  path: Assets/Runemark Studio/Freebies/Polygon Desert Pack/Materials/Aloe.mat
  artifactKey: Guid(a58be5973538d264eb695c3db32e1d17) Importer(815301076,1909f56bfc062723c751e8b465ee728b)
Start importing Assets/Runemark Studio/Freebies/Polygon Desert Pack/Materials/Aloe.mat using Guid(a58be5973538d264eb695c3db32e1d17) Importer(815301076,1909f56bfc062723c751e8b465ee728b)  -> (artifact id: '7b19883f6fa84c63fd6d3d6f49716fa3') in 0.012777 seconds
Number of updated asset objects reloaded before import = 0
Number of asset objects unloaded after import = 1
========================================================================
Received Import Request.
  Time since last request: 0.000082 seconds.
  path: Assets/TextMesh Pro/Examples & Extras/Resources/Fonts & Materials/Bangers SDF.asset
  artifactKey: Guid(125cb55b44b24c4393181402bc6200e6) Importer(815301076,1909f56bfc062723c751e8b465ee728b)
Start importing Assets/TextMesh Pro/Examples & Extras/Resources/Fonts & Materials/Bangers SDF.asset using Guid(125cb55b44b24c4393181402bc6200e6) Importer(815301076,1909f56bfc062723c751e8b465ee728b)  -> (artifact id: 'e6f4efe4ba4e7a20f4b9caaa66f9afc6') in 0.093934 seconds
Number of updated asset objects reloaded before import = 0
Number of asset objects unloaded after import = 6
========================================================================
Received Import Request.
  Time since last request: 0.000158 seconds.
  path: Assets/Runemark Studio/Freebies/Polygon Desert Pack/Materials/Cactus.mat
  artifactKey: Guid(0e4890f47005c3a4fbe1f368c4939d86) Importer(815301076,1909f56bfc062723c751e8b465ee728b)
Start importing Assets/Runemark Studio/Freebies/Polygon Desert Pack/Materials/Cactus.mat using Guid(0e4890f47005c3a4fbe1f368c4939d86) Importer(815301076,1909f56bfc062723c751e8b465ee728b)  -> (artifact id: '31be49580107e8e9a18b0ebf83e1251a') in 0.005933 seconds
Number of updated asset objects reloaded before import = 0
Number of asset objects unloaded after import = 1
========================================================================
Received Import Request.
  Time since last request: 0.000139 seconds.
  path: Assets/TextMesh Pro/Examples & Extras/Resources/Fonts & Materials/Anton SDF.asset
  artifactKey: Guid(8a89fa14b10d46a99122fd4f73fca9a2) Importer(815301076,1909f56bfc062723c751e8b465ee728b)
Start importing Assets/TextMesh Pro/Examples & Extras/Resources/Fonts & Materials/Anton SDF.asset using Guid(8a89fa14b10d46a99122fd4f73fca9a2) Importer(815301076,1909f56bfc062723c751e8b465ee728b)  -> (artifact id: '8e2998023d16280a3522adf3c785f333') in 0.015741 seconds
Number of updated asset objects reloaded before import = 0
Number of asset objects unloaded after import = 6
========================================================================
Received Import Request.
  Time since last request: 0.000369 seconds.
  path: Assets/TextMesh Pro/Examples & Extras/Resources/Fonts & Materials/Bangers SDF - Outline.mat
  artifactKey: Guid(f629c6e43dba4bf38cb74d8860150664) Importer(815301076,1909f56bfc062723c751e8b465ee728b)
Start importing Assets/TextMesh Pro/Examples & Extras/Resources/Fonts & Materials/Bangers SDF - Outline.mat using Guid(f629c6e43dba4bf38cb74d8860150664) Importer(815301076,1909f56bfc062723c751e8b465ee728b)  -> (artifact id: 'c649d04b10164abee068ef2eb28a3185') in 0.009627 seconds
Number of updated asset objects reloaded before import = 0
Number of asset objects unloaded after import = 2
========================================================================
Received Import Request.
  Time since last request: 0.000115 seconds.
  path: Assets/TextMesh Pro/Examples & Extras/Resources/Fonts & Materials/Anton SDF - Sunny Days.mat
  artifactKey: Guid(6522f30e342599e4e9dd4cc2cc03c830) Importer(815301076,1909f56bfc062723c751e8b465ee728b)
Start importing Assets/TextMesh Pro/Examples & Extras/Resources/Fonts & Materials/Anton SDF - Sunny Days.mat using Guid(6522f30e342599e4e9dd4cc2cc03c830) Importer(815301076,1909f56bfc062723c751e8b465ee728b)  -> (artifact id: 'afd2a7a2420ebc2db91b7478a6f9a62a') in 0.380858 seconds
Number of updated asset objects reloaded before import = 0
Number of asset objects unloaded after import = 4
========================================================================
Received Import Request.
  Time since last request: 93.046116 seconds.
  path: Assets/Polylised - Medieval Desert City/Models/Props/Materials/Cloth_5.mat
  artifactKey: Guid(f59d3ded70a016d43a8aaf9e788663c2) Importer(815301076,1909f56bfc062723c751e8b465ee728b)
Start importing Assets/Polylised - Medieval Desert City/Models/Props/Materials/Cloth_5.mat using Guid(f59d3ded70a016d43a8aaf9e788663c2) Importer(815301076,1909f56bfc062723c751e8b465ee728b)  -> (artifact id: '879dcb00a5967f262ea3ad34b0c051dd') in 0.097963 seconds
Number of updated asset objects reloaded before import = 0
Number of asset objects unloaded after import = 4
========================================================================
Received Import Request.
  Time since last request: 11.817436 seconds.
  path: Assets/DogKnight/promotion.jpg
  artifactKey: Guid(f27d7537e17799e47be587331b9ef52b) Importer(815301076,1909f56bfc062723c751e8b465ee728b)
Start importing Assets/DogKnight/promotion.jpg using Guid(f27d7537e17799e47be587331b9ef52b) Importer(815301076,1909f56bfc062723c751e8b465ee728b)  -> (artifact id: 'e0161333781bd932adeb6a3eda4d10f5') in 0.061246 seconds
Number of updated asset objects reloaded before import = 0
Number of asset objects unloaded after import = 2
========================================================================
Received Import Request.
  Time since last request: 15.601741 seconds.
  path: Assets/DogKnight/Prefab
  artifactKey: Guid(9739c933b2b55f3488427aed995de914) Importer(815301076,1909f56bfc062723c751e8b465ee728b)
Start importing Assets/DogKnight/Prefab using Guid(9739c933b2b55f3488427aed995de914) Importer(815301076,1909f56bfc062723c751e8b465ee728b)  -> (artifact id: 'b1ecd54584d39d17e4458ab23983e88d') in 0.003050 seconds
Number of updated asset objects reloaded before import = 0
Number of asset objects unloaded after import = 0
========================================================================
Received Import Request.
  Time since last request: 2.050038 seconds.
  path: Assets/DogKnight/Prefab/DogPBR.prefab
  artifactKey: Guid(214e08cd5e5d74c458e2a81b7ec2c84c) Importer(815301076,1909f56bfc062723c751e8b465ee728b)
Start importing Assets/DogKnight/Prefab/DogPBR.prefab using Guid(214e08cd5e5d74c458e2a81b7ec2c84c) Importer(815301076,1909f56bfc062723c751e8b465ee728b)  -> (artifact id: 'a4df68ddac042af594ff8ba681559d15') in 0.673047 seconds
Number of updated asset objects reloaded before import = 0
Number of asset objects unloaded after import = 205
========================================================================
Received Prepare
Begin MonoManager ReloadAssembly
Thread 0x16cf0f000 may have been prematurely finalized
- Loaded All Assemblies, in  0.530 seconds
Refreshing native plugins compatible for Editor in 2.49 ms, found 2 plugins.
Native extension for OSXStandalone target not found
[Package Manager] Server::EnsureServerProcessIsRunning -- launch failed, reason: Unity was launched with the -noUpm command-line argument
[Package Manager] UpmClient::Send -- Unable to send message (not connected to UPM process).
[Package Manager] Cannot connect to Unity Package Manager local server
Mono: successfully reloaded assembly
- Finished resetting the current domain, in  1.583 seconds
Domain Reload Profiling: 2115ms
	BeginReloadAssembly (152ms)
		ExecutionOrderSort (0ms)
		DisableScriptedObjects (5ms)
		BackupInstance (0ms)
		ReleaseScriptingObjects (0ms)
		CreateAndSetChildDomain (64ms)
	RebuildCommonClasses (44ms)
	RebuildNativeTypeToScriptingClass (14ms)
	initialDomainReloadingComplete (25ms)
	LoadAllAssembliesAndSetupDomain (297ms)
		LoadAssemblies (270ms)
		RebuildTransferFunctionScriptingTraits (0ms)
		AnalyzeDomain (75ms)
			TypeCache.Refresh (62ms)
				TypeCache.ScanAssembly (0ms)
			ScanForSourceGeneratedMonoScriptInfo (0ms)
			ResolveRequiredComponents (11ms)
	FinalizeReload (1584ms)
		ReleaseScriptCaches (0ms)
		RebuildScriptCaches (0ms)
		SetupLoadedEditorAssemblies (736ms)
			LogAssemblyErrors (0ms)
			InitializePlatformSupportModulesInManaged (9ms)
			SetLoadedEditorAssemblies (11ms)
			RefreshPlugins (0ms)
			BeforeProcessingInitializeOnLoad (104ms)
			ProcessInitializeOnLoadAttributes (574ms)
			ProcessInitializeOnLoadMethodAttributes (35ms)
			AfterProcessingInitializeOnLoad (2ms)
			EditorAssembliesLoaded (0ms)
		ExecutionOrderSort2 (0ms)
		AwakeInstancesAfterBackupRestoration (7ms)
Refreshing native plugins compatible for Editor in 2.19 ms, found 2 plugins.
Preloading 0 native plugins for Editor in 0.00 ms.
Unloading 3167 Unused Serialized files (Serialized files now loaded: 0)
Unloading 23 unused Assets / (30.8 KB). Loaded Objects now: 3723.
Memory consumption went from 156.2 MB to 156.2 MB.
Total: 7.055125 ms (FindLiveObjects: 0.315291 ms CreateObjectMapping: 0.136958 ms MarkObjects: 6.489792 ms  DeleteObjects: 0.111792 ms)

Prepare: number of updated asset objects reloaded= 0
AssetImportParameters requested are different than current active one (requested -> active):
  custom:container-demuxer-ogg: 62fdf1f143b41e24485cea50d1cbac27 -> 
  custom:video-decoder-ogg-theora: a1e56fd34408186e4bbccfd4996cb3dc -> 
  custom:CustomObjectIndexerAttribute: 9a22284fe3817be447336de3de66b15e -> 
  custom:container-demuxer-webm: 4f35f7cbe854078d1ac9338744f61a02 -> 
  custom:container-muxer-webm: aa71ff27fc2769a1b78a27578f13a17b -> 
  custom:video-decoder-webm-vp8: 9c59270c3fd7afecdb556c50c9e8de78 -> 
  custom:SearchIndexIgnoredProperties: e643bd26f0fe6173181afceb89e7c659 -> 
  custom:AudioImporter_EditorPlatform: 3918e3fc78b5a79bad01e8451be0beb8 -> 
  custom:framework-osx-AVFoundation: e770b220cccbd017edd2c1fefb359320 -> 
  custom:video-encoder-webm-vp8: eb34c28f22e8b96e1ab97ce403110664 -> 
  custom:audio-decoder-ogg-vorbis: bf7c407c2cedff20999df2af8eb42d56 -> 
  custom:audio-encoder-webm-vorbis: bf7c407c2cedff20999df2af8eb42d56 -> 
========================================================================
Received Prepare
Begin MonoManager ReloadAssembly
Thread 0x16cf0f000 may have been prematurely finalized
- Loaded All Assemblies, in  0.502 seconds
Refreshing native plugins compatible for Editor in 1.41 ms, found 2 plugins.
Native extension for OSXStandalone target not found
[Package Manager] Server::EnsureServerProcessIsRunning -- launch failed, reason: Unity was launched with the -noUpm command-line argument
[Package Manager] UpmClient::Send -- Unable to send message (not connected to UPM process).
[Package Manager] Cannot connect to Unity Package Manager local server
Mono: successfully reloaded assembly
- Finished resetting the current domain, in  1.498 seconds
Domain Reload Profiling: 2001ms
	BeginReloadAssembly (135ms)
		ExecutionOrderSort (0ms)
		DisableScriptedObjects (5ms)
		BackupInstance (0ms)
		ReleaseScriptingObjects (0ms)
		CreateAndSetChildDomain (52ms)
	RebuildCommonClasses (40ms)
	RebuildNativeTypeToScriptingClass (14ms)
	initialDomainReloadingComplete (23ms)
	LoadAllAssembliesAndSetupDomain (289ms)
		LoadAssemblies (309ms)
		RebuildTransferFunctionScriptingTraits (0ms)
		AnalyzeDomain (26ms)
			TypeCache.Refresh (18ms)
				TypeCache.ScanAssembly (0ms)
			ScanForSourceGeneratedMonoScriptInfo (0ms)
			ResolveRequiredComponents (7ms)
	FinalizeReload (1499ms)
		ReleaseScriptCaches (0ms)
		RebuildScriptCaches (0ms)
		SetupLoadedEditorAssemblies (741ms)
			LogAssemblyErrors (0ms)
			InitializePlatformSupportModulesInManaged (7ms)
			SetLoadedEditorAssemblies (11ms)
			RefreshPlugins (0ms)
			BeforeProcessingInitializeOnLoad (108ms)
			ProcessInitializeOnLoadAttributes (579ms)
			ProcessInitializeOnLoadMethodAttributes (35ms)
			AfterProcessingInitializeOnLoad (2ms)
			EditorAssembliesLoaded (0ms)
		ExecutionOrderSort2 (0ms)
		AwakeInstancesAfterBackupRestoration (7ms)
Refreshing native plugins compatible for Editor in 2.76 ms, found 2 plugins.
Preloading 0 native plugins for Editor in 0.00 ms.
Unloading 3167 Unused Serialized files (Serialized files now loaded: 0)
Unloading 23 unused Assets / (30.9 KB). Loaded Objects now: 3726.
Memory consumption went from 161.2 MB to 161.2 MB.
Total: 9.144708 ms (FindLiveObjects: 0.311334 ms CreateObjectMapping: 0.153000 ms MarkObjects: 8.572167 ms  DeleteObjects: 0.107334 ms)

Prepare: number of updated asset objects reloaded= 0
AssetImportParameters requested are different than current active one (requested -> active):
  custom:container-demuxer-ogg: 62fdf1f143b41e24485cea50d1cbac27 -> 
  custom:video-decoder-ogg-theora: a1e56fd34408186e4bbccfd4996cb3dc -> 
  custom:CustomObjectIndexerAttribute: 9a22284fe3817be447336de3de66b15e -> 
  custom:container-demuxer-webm: 4f35f7cbe854078d1ac9338744f61a02 -> 
  custom:container-muxer-webm: aa71ff27fc2769a1b78a27578f13a17b -> 
  custom:video-decoder-webm-vp8: 9c59270c3fd7afecdb556c50c9e8de78 -> 
  custom:SearchIndexIgnoredProperties: e643bd26f0fe6173181afceb89e7c659 -> 
  custom:AudioImporter_EditorPlatform: 3918e3fc78b5a79bad01e8451be0beb8 -> 
  custom:framework-osx-AVFoundation: e770b220cccbd017edd2c1fefb359320 -> 
  custom:video-encoder-webm-vp8: eb34c28f22e8b96e1ab97ce403110664 -> 
  custom:audio-decoder-ogg-vorbis: bf7c407c2cedff20999df2af8eb42d56 -> 
  custom:audio-encoder-webm-vorbis: bf7c407c2cedff20999df2af8eb42d56 -> 
========================================================================
Received Prepare
Begin MonoManager ReloadAssembly
Thread 0x16cf0f000 may have been prematurely finalized
- Loaded All Assemblies, in  0.446 seconds
Refreshing native plugins compatible for Editor in 2.75 ms, found 2 plugins.
Native extension for OSXStandalone target not found
[Package Manager] Server::EnsureServerProcessIsRunning -- launch failed, reason: Unity was launched with the -noUpm command-line argument
[Package Manager] UpmClient::Send -- Unable to send message (not connected to UPM process).
[Package Manager] Cannot connect to Unity Package Manager local server
Mono: successfully reloaded assembly
- Finished resetting the current domain, in  1.482 seconds
Domain Reload Profiling: 1933ms
	BeginReloadAssembly (141ms)
		ExecutionOrderSort (0ms)
		DisableScriptedObjects (5ms)
		BackupInstance (0ms)
		ReleaseScriptingObjects (0ms)
		CreateAndSetChildDomain (56ms)
	RebuildCommonClasses (41ms)
	RebuildNativeTypeToScriptingClass (14ms)
	initialDomainReloadingComplete (24ms)
	LoadAllAssembliesAndSetupDomain (231ms)
		LoadAssemblies (239ms)
		RebuildTransferFunctionScriptingTraits (0ms)
		AnalyzeDomain (36ms)
			TypeCache.Refresh (19ms)
				TypeCache.ScanAssembly (0ms)
			ScanForSourceGeneratedMonoScriptInfo (1ms)
			ResolveRequiredComponents (14ms)
	FinalizeReload (1482ms)
		ReleaseScriptCaches (0ms)
		RebuildScriptCaches (0ms)
		SetupLoadedEditorAssemblies (747ms)
			LogAssemblyErrors (0ms)
			InitializePlatformSupportModulesInManaged (9ms)
			SetLoadedEditorAssemblies (10ms)
			RefreshPlugins (0ms)
			BeforeProcessingInitializeOnLoad (119ms)
			ProcessInitializeOnLoadAttributes (573ms)
			ProcessInitializeOnLoadMethodAttributes (33ms)
			AfterProcessingInitializeOnLoad (2ms)
			EditorAssembliesLoaded (0ms)
		ExecutionOrderSort2 (0ms)
		AwakeInstancesAfterBackupRestoration (8ms)
Refreshing native plugins compatible for Editor in 2.84 ms, found 2 plugins.
Preloading 0 native plugins for Editor in 0.00 ms.
Unloading 3167 Unused Serialized files (Serialized files now loaded: 0)
Unloading 23 unused Assets / (30.9 KB). Loaded Objects now: 3729.
Memory consumption went from 166.3 MB to 166.2 MB.
Total: 6.957250 ms (FindLiveObjects: 0.282250 ms CreateObjectMapping: 0.134833 ms MarkObjects: 6.424042 ms  DeleteObjects: 0.114792 ms)

Prepare: number of updated asset objects reloaded= 0
AssetImportParameters requested are different than current active one (requested -> active):
  custom:container-demuxer-ogg: 62fdf1f143b41e24485cea50d1cbac27 -> 
  custom:video-decoder-ogg-theora: a1e56fd34408186e4bbccfd4996cb3dc -> 
  custom:CustomObjectIndexerAttribute: 9a22284fe3817be447336de3de66b15e -> 
  custom:container-demuxer-webm: 4f35f7cbe854078d1ac9338744f61a02 -> 
  custom:container-muxer-webm: aa71ff27fc2769a1b78a27578f13a17b -> 
  custom:video-decoder-webm-vp8: 9c59270c3fd7afecdb556c50c9e8de78 -> 
  custom:SearchIndexIgnoredProperties: e643bd26f0fe6173181afceb89e7c659 -> 
  custom:AudioImporter_EditorPlatform: 3918e3fc78b5a79bad01e8451be0beb8 -> 
  custom:framework-osx-AVFoundation: e770b220cccbd017edd2c1fefb359320 -> 
  custom:video-encoder-webm-vp8: eb34c28f22e8b96e1ab97ce403110664 -> 
  custom:audio-decoder-ogg-vorbis: bf7c407c2cedff20999df2af8eb42d56 -> 
  custom:audio-encoder-webm-vorbis: bf7c407c2cedff20999df2af8eb42d56 -> 
========================================================================
Received Prepare
Begin MonoManager ReloadAssembly
Thread 0x16cf0f000 may have been prematurely finalized
- Loaded All Assemblies, in  0.455 seconds
Refreshing native plugins compatible for Editor in 3.96 ms, found 2 plugins.
Native extension for OSXStandalone target not found
[Package Manager] Server::EnsureServerProcessIsRunning -- launch failed, reason: Unity was launched with the -noUpm command-line argument
[Package Manager] UpmClient::Send -- Unable to send message (not connected to UPM process).
[Package Manager] Cannot connect to Unity Package Manager local server
Mono: successfully reloaded assembly
- Finished resetting the current domain, in  1.540 seconds
Domain Reload Profiling: 2000ms
	BeginReloadAssembly (139ms)
		ExecutionOrderSort (0ms)
		DisableScriptedObjects (5ms)
		BackupInstance (0ms)
		ReleaseScriptingObjects (0ms)
		CreateAndSetChildDomain (53ms)
	RebuildCommonClasses (40ms)
	RebuildNativeTypeToScriptingClass (14ms)
	initialDomainReloadingComplete (24ms)
	LoadAllAssembliesAndSetupDomain (242ms)
		LoadAssemblies (250ms)
		RebuildTransferFunctionScriptingTraits (0ms)
		AnalyzeDomain (36ms)
			TypeCache.Refresh (21ms)
				TypeCache.ScanAssembly (0ms)
			ScanForSourceGeneratedMonoScriptInfo (0ms)
			ResolveRequiredComponents (11ms)
	FinalizeReload (1541ms)
		ReleaseScriptCaches (0ms)
		RebuildScriptCaches (0ms)
		SetupLoadedEditorAssemblies (745ms)
			LogAssemblyErrors (0ms)
			InitializePlatformSupportModulesInManaged (9ms)
			SetLoadedEditorAssemblies (11ms)
			RefreshPlugins (0ms)
			BeforeProcessingInitializeOnLoad (98ms)
			ProcessInitializeOnLoadAttributes (586ms)
			ProcessInitializeOnLoadMethodAttributes (39ms)
			AfterProcessingInitializeOnLoad (2ms)
			EditorAssembliesLoaded (0ms)
		ExecutionOrderSort2 (0ms)
		AwakeInstancesAfterBackupRestoration (8ms)
Refreshing native plugins compatible for Editor in 2.17 ms, found 2 plugins.
Preloading 0 native plugins for Editor in 0.00 ms.
Unloading 3167 Unused Serialized files (Serialized files now loaded: 0)
Unloading 23 unused Assets / (31.0 KB). Loaded Objects now: 3732.
Memory consumption went from 171.3 MB to 171.2 MB.
Total: 7.007625 ms (FindLiveObjects: 0.299000 ms CreateObjectMapping: 0.136458 ms MarkObjects: 6.461083 ms  DeleteObjects: 0.110209 ms)

Prepare: number of updated asset objects reloaded= 0
AssetImportParameters requested are different than current active one (requested -> active):
  custom:container-demuxer-ogg: 62fdf1f143b41e24485cea50d1cbac27 -> 
  custom:video-decoder-ogg-theora: a1e56fd34408186e4bbccfd4996cb3dc -> 
  custom:CustomObjectIndexerAttribute: 9a22284fe3817be447336de3de66b15e -> 
  custom:container-demuxer-webm: 4f35f7cbe854078d1ac9338744f61a02 -> 
  custom:container-muxer-webm: aa71ff27fc2769a1b78a27578f13a17b -> 
  custom:video-decoder-webm-vp8: 9c59270c3fd7afecdb556c50c9e8de78 -> 
  custom:SearchIndexIgnoredProperties: e643bd26f0fe6173181afceb89e7c659 -> 
  custom:AudioImporter_EditorPlatform: 3918e3fc78b5a79bad01e8451be0beb8 -> 
  custom:framework-osx-AVFoundation: e770b220cccbd017edd2c1fefb359320 -> 
  custom:video-encoder-webm-vp8: eb34c28f22e8b96e1ab97ce403110664 -> 
  custom:audio-decoder-ogg-vorbis: bf7c407c2cedff20999df2af8eb42d56 -> 
  custom:audio-encoder-webm-vorbis: bf7c407c2cedff20999df2af8eb42d56 -> 
TcpMessagingSession - receive error
AssetImportWorkerClient::OnTransportError - code=2 error=End of file
