Unity Editor version:    2022.3.28f1 (6bae5ce6b222)
Branch:                  2022.3/staging
Build type:              Release
Batch mode:              YES
macOS version:           Version 14.0 (Build 23A344)
Darwin version:          23.0.0
Architecture:            arm64
Running under Rosetta:   NO
Available memory:        8192 MB
Using pre-set license
Pro License: YES

COMMAND LINE ARGUMENTS:
/Applications/Unity/Hub/Editor/2022.3.28f1/Unity.app/Contents/MacOS/Unity
-adb2
-batchMode
-noUpm
-name
AssetImportWorker1
-projectPath
/Users/simeongrossley/Desktop/Unity project but better/Final Project
-logFile
Logs/AssetImportWorker1.log
-srvPort
57740
Successfully changed project path to: /Users/simeongrossley/Desktop/Unity project but better/Final Project
/Users/simeongrossley/Desktop/Unity project but better/Final Project
[UnityMemory] Configuration Parameters - Can be set up in boot.config
    "memorysetup-bucket-allocator-granularity=16"
    "memorysetup-bucket-allocator-bucket-count=8"
    "memorysetup-bucket-allocator-block-size=33554432"
    "memorysetup-bucket-allocator-block-count=8"
    "memorysetup-main-allocator-block-size=16777216"
    "memorysetup-thread-allocator-block-size=16777216"
    "memorysetup-gfx-main-allocator-block-size=16777216"
    "memorysetup-gfx-thread-allocator-block-size=16777216"
    "memorysetup-cache-allocator-block-size=4194304"
    "memorysetup-typetree-allocator-block-size=2097152"
    "memorysetup-profiler-bucket-allocator-granularity=16"
    "memorysetup-profiler-bucket-allocator-bucket-count=8"
    "memorysetup-profiler-bucket-allocator-block-size=33554432"
    "memorysetup-profiler-bucket-allocator-block-count=8"
    "memorysetup-profiler-allocator-block-size=16777216"
    "memorysetup-profiler-editor-allocator-block-size=1048576"
    "memorysetup-temp-allocator-size-main=16777216"
    "memorysetup-job-temp-allocator-block-size=2097152"
    "memorysetup-job-temp-allocator-block-size-background=1048576"
    "memorysetup-job-temp-allocator-reduction-small-platforms=262144"
    "memorysetup-allocator-temp-initial-block-size-main=262144"
    "memorysetup-allocator-temp-initial-block-size-worker=262144"
    "memorysetup-temp-allocator-size-background-worker=32768"
    "memorysetup-temp-allocator-size-job-worker=262144"
    "memorysetup-temp-allocator-size-preload-manager=33554432"
    "memorysetup-temp-allocator-size-nav-mesh-worker=65536"
    "memorysetup-temp-allocator-size-audio-worker=65536"
    "memorysetup-temp-allocator-size-cloud-worker=32768"
    "memorysetup-temp-allocator-size-gi-baking-worker=262144"
    "memorysetup-temp-allocator-size-gfx=262144"
Player connection [7935890176] Host "[IP] 192.168.4.102 [Port] 0 [Flags] 2 [Guid] 2876370195 [EditorId] 2876370195 [Version] 1048832 [Id] OSXEditor(0,LA4Mac16.local) [Debug] 1 [PackageName] OSXEditor [ProjectName] Editor" joined multi-casting on [225.0.0.222:54997]...

Player connection [7935890176] Host "[IP] 192.168.4.102 [Port] 0 [Flags] 2 [Guid] 2876370195 [EditorId] 2876370195 [Version] 1048832 [Id] OSXEditor(0,LA4Mac16.local) [Debug] 1 [PackageName] OSXEditor [ProjectName] Editor" joined alternative multi-casting on [225.0.0.222:34997]...

[Physics::Module] Initialized MultithreadedJobDispatcher with 7 workers.
Refreshing native plugins compatible for Editor in 24.27 ms, found 2 plugins.
Preloading 0 native plugins for Editor in 0.00 ms.
Initialize engine version: 2022.3.28f1 (6bae5ce6b222)
[Subsystems] Discovering subsystems at path /Applications/Unity/Hub/Editor/2022.3.28f1/Unity.app/Contents/Resources/UnitySubsystems
[Subsystems] Discovering subsystems at path /Users/simeongrossley/Desktop/Unity project but better/Final Project/Assets
GfxDevice: creating device client; threaded=0; jobified=0
 preferred device: Apple M1 (high power)
Metal devices available: 1
0: Apple M1 (high power)
Using device Apple M1 (high power)
Initializing Metal device caps: Apple M1
Initialize mono
Mono path[0] = '/Applications/Unity/Hub/Editor/2022.3.28f1/Unity.app/Contents/Managed'
Mono path[1] = '/Applications/Unity/Hub/Editor/2022.3.28f1/Unity.app/Contents/MonoBleedingEdge/lib/mono/unityjit-macos'
Mono config path = '/Applications/Unity/Hub/Editor/2022.3.28f1/Unity.app/Contents/MonoBleedingEdge/etc'
Using monoOptions --debugger-agent=transport=dt_socket,embedding=1,server=y,suspend=n,address=127.0.0.1:56773
Begin MonoManager ReloadAssembly
Registering precompiled unity dll's ...
Register platform support module: /Applications/Unity/Hub/Editor/2022.3.28f1/Unity.app/Contents/PlaybackEngines/MacStandaloneSupport/UnityEditor.OSXStandalone.Extensions.dll
Registered in 0.005366 seconds.
- Loaded All Assemblies, in  0.489 seconds
Native extension for OSXStandalone target not found
Mono: successfully reloaded assembly
- Finished resetting the current domain, in  0.354 seconds
Domain Reload Profiling: 843ms
	BeginReloadAssembly (134ms)
		ExecutionOrderSort (0ms)
		DisableScriptedObjects (0ms)
		BackupInstance (0ms)
		ReleaseScriptingObjects (0ms)
		CreateAndSetChildDomain (1ms)
	RebuildCommonClasses (49ms)
	RebuildNativeTypeToScriptingClass (16ms)
	initialDomainReloadingComplete (73ms)
	LoadAllAssembliesAndSetupDomain (216ms)
		LoadAssemblies (134ms)
		RebuildTransferFunctionScriptingTraits (0ms)
		AnalyzeDomain (214ms)
			TypeCache.Refresh (212ms)
				TypeCache.ScanAssembly (189ms)
			ScanForSourceGeneratedMonoScriptInfo (1ms)
			ResolveRequiredComponents (1ms)
	FinalizeReload (355ms)
		ReleaseScriptCaches (0ms)
		RebuildScriptCaches (0ms)
		SetupLoadedEditorAssemblies (269ms)
			LogAssemblyErrors (0ms)
			InitializePlatformSupportModulesInManaged (10ms)
			SetLoadedEditorAssemblies (10ms)
			RefreshPlugins (0ms)
			BeforeProcessingInitializeOnLoad (2ms)
			ProcessInitializeOnLoadAttributes (191ms)
			ProcessInitializeOnLoadMethodAttributes (55ms)
			AfterProcessingInitializeOnLoad (0ms)
			EditorAssembliesLoaded (0ms)
		ExecutionOrderSort2 (0ms)
		AwakeInstancesAfterBackupRestoration (0ms)
========================================================================
Worker process is ready to serve import requests
Begin MonoManager ReloadAssembly
- Loaded All Assemblies, in  0.872 seconds
Refreshing native plugins compatible for Editor in 1.65 ms, found 2 plugins.
Native extension for OSXStandalone target not found
Package Manager log level set to [2]
[Package Manager] Server::EnsureServerProcessIsRunning -- launch failed, reason: Unity was launched with the -noUpm command-line argument
[Package Manager] UpmClient::Send -- Unable to send message (not connected to UPM process).
[Package Manager] Cannot connect to Unity Package Manager local server
Mono: successfully reloaded assembly
- Finished resetting the current domain, in  0.763 seconds
Domain Reload Profiling: 1640ms
	BeginReloadAssembly (151ms)
		ExecutionOrderSort (0ms)
		DisableScriptedObjects (5ms)
		BackupInstance (0ms)
		ReleaseScriptingObjects (0ms)
		CreateAndSetChildDomain (35ms)
	RebuildCommonClasses (54ms)
	RebuildNativeTypeToScriptingClass (19ms)
	initialDomainReloadingComplete (54ms)
	LoadAllAssembliesAndSetupDomain (598ms)
		LoadAssemblies (367ms)
		RebuildTransferFunctionScriptingTraits (0ms)
		AnalyzeDomain (296ms)
			TypeCache.Refresh (271ms)
				TypeCache.ScanAssembly (227ms)
			ScanForSourceGeneratedMonoScriptInfo (16ms)
			ResolveRequiredComponents (8ms)
	FinalizeReload (764ms)
		ReleaseScriptCaches (0ms)
		RebuildScriptCaches (0ms)
		SetupLoadedEditorAssemblies (551ms)
			LogAssemblyErrors (0ms)
			InitializePlatformSupportModulesInManaged (6ms)
			SetLoadedEditorAssemblies (5ms)
			RefreshPlugins (0ms)
			BeforeProcessingInitializeOnLoad (74ms)
			ProcessInitializeOnLoadAttributes (441ms)
			ProcessInitializeOnLoadMethodAttributes (22ms)
			AfterProcessingInitializeOnLoad (1ms)
			EditorAssembliesLoaded (0ms)
		ExecutionOrderSort2 (0ms)
		AwakeInstancesAfterBackupRestoration (5ms)
Launching external process: /Applications/Unity/Hub/Editor/2022.3.28f1/Unity.app/Contents/Tools/UnityShaderCompiler
Launched and connected shader compiler UnityShaderCompiler after 0.31 seconds
Refreshing native plugins compatible for Editor in 1.61 ms, found 2 plugins.
Preloading 0 native plugins for Editor in 0.00 ms.
Unloading 3188 Unused Serialized files (Serialized files now loaded: 0)
Unloading 33 unused Assets / (52.2 KB). Loaded Objects now: 3663.
Memory consumption went from 142.2 MB to 142.1 MB.
Total: 4.741584 ms (FindLiveObjects: 0.236209 ms CreateObjectMapping: 0.066708 ms MarkObjects: 4.253708 ms  DeleteObjects: 0.184375 ms)

AssetImportParameters requested are different than current active one (requested -> active):
  custom:container-demuxer-ogg: 62fdf1f143b41e24485cea50d1cbac27 -> 
  custom:video-decoder-ogg-theora: a1e56fd34408186e4bbccfd4996cb3dc -> 
  custom:CustomObjectIndexerAttribute: 9a22284fe3817be447336de3de66b15e -> 
  custom:container-demuxer-webm: 4f35f7cbe854078d1ac9338744f61a02 -> 
  custom:container-muxer-webm: aa71ff27fc2769a1b78a27578f13a17b -> 
  custom:video-decoder-webm-vp8: 9c59270c3fd7afecdb556c50c9e8de78 -> 
  custom:SearchIndexIgnoredProperties: e643bd26f0fe6173181afceb89e7c659 -> 
  custom:AudioImporter_EditorPlatform: 3918e3fc78b5a79bad01e8451be0beb8 -> 
  custom:framework-osx-AVFoundation: e770b220cccbd017edd2c1fefb359320 -> 
  custom:video-encoder-webm-vp8: eb34c28f22e8b96e1ab97ce403110664 -> 
  custom:audio-decoder-ogg-vorbis: bf7c407c2cedff20999df2af8eb42d56 -> 
  custom:audio-encoder-webm-vorbis: bf7c407c2cedff20999df2af8eb42d56 -> 
========================================================================
Received Import Request.
  Time since last request: 126027.644103 seconds.
  path: Assets/Runemark Studio/Freebies/PolyDesert Mobile/Meshes/rock01.obj
  artifactKey: Guid(4a737f02ce05c7f408a64204e6f929e8) Importer(815301076,1909f56bfc062723c751e8b465ee728b)
Start importing Assets/Runemark Studio/Freebies/PolyDesert Mobile/Meshes/rock01.obj using Guid(4a737f02ce05c7f408a64204e6f929e8) Importer(815301076,1909f56bfc062723c751e8b465ee728b)  -> (artifact id: 'd07a4c99ccd26acc951ca4ba3887a807') in 0.577893 seconds
Number of updated asset objects reloaded before import = 0
Number of asset objects unloaded after import = 10
========================================================================
Received Import Request.
  Time since last request: 0.000067 seconds.
  path: Assets/Runemark Studio/Freebies/PolyDesert Mobile/Meshes/cactus03.obj
  artifactKey: Guid(e8da7eae19d4c5f40bea080ef8974ee0) Importer(815301076,1909f56bfc062723c751e8b465ee728b)
Start importing Assets/Runemark Studio/Freebies/PolyDesert Mobile/Meshes/cactus03.obj using Guid(e8da7eae19d4c5f40bea080ef8974ee0) Importer(815301076,1909f56bfc062723c751e8b465ee728b)  -> (artifact id: '242ae0e13f1ed8b804986225b80eebdb') in 0.023402 seconds
Number of updated asset objects reloaded before import = 0
Number of asset objects unloaded after import = 10
========================================================================
Received Import Request.
  Time since last request: 0.000168 seconds.
  path: Assets/RPG Monster DUO PBR Polyart/Meshes/SlimeMesh.fbx
  artifactKey: Guid(6520c6d7889f4c72b416f07f34edd515) Importer(815301076,1909f56bfc062723c751e8b465ee728b)
Start importing Assets/RPG Monster DUO PBR Polyart/Meshes/SlimeMesh.fbx using Guid(6520c6d7889f4c72b416f07f34edd515) Importer(815301076,1909f56bfc062723c751e8b465ee728b)  -> (artifact id: '515d10820e2b230b0eada5d8bb5ac1a3') in 0.030038 seconds
Number of updated asset objects reloaded before import = 0
Number of asset objects unloaded after import = 30
========================================================================
Received Import Request.
  Time since last request: 0.000063 seconds.
  path: Assets/Runemark Studio/Freebies/PolyDesert Mobile/Meshes/cactus02.obj
  artifactKey: Guid(6b63de6b09241094791f5ebd528f64c3) Importer(815301076,1909f56bfc062723c751e8b465ee728b)
Start importing Assets/Runemark Studio/Freebies/PolyDesert Mobile/Meshes/cactus02.obj using Guid(6b63de6b09241094791f5ebd528f64c3) Importer(815301076,1909f56bfc062723c751e8b465ee728b)  -> (artifact id: 'dd0dbaf556d22a95b9200d76a77d04ef') in 0.016416 seconds
Number of updated asset objects reloaded before import = 0
Number of asset objects unloaded after import = 10
========================================================================
Received Import Request.
  Time since last request: 0.000163 seconds.
  path: Assets/RPG Monster DUO PBR Polyart/Animations/Slime/GetHit_Slime_Anim.fbx
  artifactKey: Guid(08c3544f7f1144268bcc2a28cb6209e7) Importer(815301076,1909f56bfc062723c751e8b465ee728b)
Start importing Assets/RPG Monster DUO PBR Polyart/Animations/Slime/GetHit_Slime_Anim.fbx using Guid(08c3544f7f1144268bcc2a28cb6209e7) Importer(815301076,1909f56bfc062723c751e8b465ee728b)  -> (artifact id: 'bb6aa557b1fc6732be20f103880e52a0') in 0.018523 seconds
Number of updated asset objects reloaded before import = 0
Number of asset objects unloaded after import = 31
========================================================================
Received Import Request.
  Time since last request: 0.000105 seconds.
  path: Assets/RPG Monster DUO PBR Polyart/Animations/TurtleShell/Defend_TurtleShell_Anim.fbx
  artifactKey: Guid(65b444fa8fd14c1c9fd5a23ee91ccb72) Importer(815301076,1909f56bfc062723c751e8b465ee728b)
Start importing Assets/RPG Monster DUO PBR Polyart/Animations/TurtleShell/Defend_TurtleShell_Anim.fbx using Guid(65b444fa8fd14c1c9fd5a23ee91ccb72) Importer(815301076,1909f56bfc062723c751e8b465ee728b)  -> (artifact id: '422486f15af2922a164c0af2673da4f6') in 0.025023 seconds
Number of updated asset objects reloaded before import = 0
Number of asset objects unloaded after import = 71
========================================================================
Received Import Request.
  Time since last request: 0.000077 seconds.
  path: Assets/Polylised - Medieval Desert City/Models/Props/Materials/Water_0.mat
  artifactKey: Guid(36876bde56cb0e34f86803b419d3a767) Importer(815301076,1909f56bfc062723c751e8b465ee728b)
Start importing Assets/Polylised - Medieval Desert City/Models/Props/Materials/Water_0.mat using Guid(36876bde56cb0e34f86803b419d3a767) Importer(815301076,1909f56bfc062723c751e8b465ee728b)  -> (artifact id: '4f22ab3480f648df15639dd4ade1dc6a') in 0.026834 seconds
Number of updated asset objects reloaded before import = 0
Number of asset objects unloaded after import = 1
========================================================================
Received Import Request.
  Time since last request: 0.000104 seconds.
  path: Assets/RPG Monster DUO PBR Polyart/Animations/TurtleShell/WalkRight_TurtleShell_Anim.fbx
  artifactKey: Guid(34ddd76623304506b7d52b3d17924e87) Importer(815301076,1909f56bfc062723c751e8b465ee728b)
Start importing Assets/RPG Monster DUO PBR Polyart/Animations/TurtleShell/WalkRight_TurtleShell_Anim.fbx using Guid(34ddd76623304506b7d52b3d17924e87) Importer(815301076,1909f56bfc062723c751e8b465ee728b)  -> (artifact id: '5854b3f05c84c5d8c4be119bfdd8083c') in 0.023040 seconds
Number of updated asset objects reloaded before import = 0
Number of asset objects unloaded after import = 71
========================================================================
Received Import Request.
  Time since last request: 0.000102 seconds.
  path: Assets/RPG Monster DUO PBR Polyart/Materials/Skybox_Mat.mat
  artifactKey: Guid(0f3ba9a6813349ad806fa2aaaa9eb8a1) Importer(815301076,1909f56bfc062723c751e8b465ee728b)
Start importing Assets/RPG Monster DUO PBR Polyart/Materials/Skybox_Mat.mat using Guid(0f3ba9a6813349ad806fa2aaaa9eb8a1) Importer(815301076,1909f56bfc062723c751e8b465ee728b)  -> (artifact id: '679bad50860dfd3ac1d7b8235abdc715') in 0.604244 seconds
Number of updated asset objects reloaded before import = 0
Number of asset objects unloaded after import = 1
========================================================================
Received Import Request.
  Time since last request: 0.000208 seconds.
  path: Assets/RPG Monster DUO PBR Polyart/Animations/TurtleShell/Dizzy_TurtleShell_Anim.fbx
  artifactKey: Guid(b8f24610a85e4499be98bd4a920da37e) Importer(815301076,1909f56bfc062723c751e8b465ee728b)
Start importing Assets/RPG Monster DUO PBR Polyart/Animations/TurtleShell/Dizzy_TurtleShell_Anim.fbx using Guid(b8f24610a85e4499be98bd4a920da37e) Importer(815301076,1909f56bfc062723c751e8b465ee728b)  -> (artifact id: 'd82dec5b71962891c47d8a667a9e8b07') in 0.029526 seconds
Number of updated asset objects reloaded before import = 0
Number of asset objects unloaded after import = 71
========================================================================
Received Import Request.
  Time since last request: 0.000066 seconds.
  path: Assets/Runemark Studio/Freebies/PolyDesert Mobile/Meshes/rock04.obj
  artifactKey: Guid(d8e7de35f54021c42bad360179e8de0d) Importer(815301076,1909f56bfc062723c751e8b465ee728b)
Start importing Assets/Runemark Studio/Freebies/PolyDesert Mobile/Meshes/rock04.obj using Guid(d8e7de35f54021c42bad360179e8de0d) Importer(815301076,1909f56bfc062723c751e8b465ee728b)  -> (artifact id: '034f68a5abefb59558e93d144fabba27') in 0.024904 seconds
Number of updated asset objects reloaded before import = 0
Number of asset objects unloaded after import = 10
========================================================================
Received Import Request.
  Time since last request: 0.000159 seconds.
  path: Assets/Runemark Studio/Freebies/Polygon Desert Pack/Meshes/rock01.obj
  artifactKey: Guid(afda6ded61894c04ea11228d2b4323c9) Importer(815301076,1909f56bfc062723c751e8b465ee728b)
Start importing Assets/Runemark Studio/Freebies/Polygon Desert Pack/Meshes/rock01.obj using Guid(afda6ded61894c04ea11228d2b4323c9) Importer(815301076,1909f56bfc062723c751e8b465ee728b)  -> (artifact id: '6623ad996ff37df916d4f76d5a869ac4') in 0.020264 seconds
Number of updated asset objects reloaded before import = 0
Number of asset objects unloaded after import = 10
========================================================================
Received Import Request.
  Time since last request: 0.000088 seconds.
  path: Assets/RPG Monster DUO PBR Polyart/Animations/Slime/WalkLeft_Slime_Anim.fbx
  artifactKey: Guid(4f0bc31a941d479d89108cd15f84f761) Importer(815301076,1909f56bfc062723c751e8b465ee728b)
Start importing Assets/RPG Monster DUO PBR Polyart/Animations/Slime/WalkLeft_Slime_Anim.fbx using Guid(4f0bc31a941d479d89108cd15f84f761) Importer(815301076,1909f56bfc062723c751e8b465ee728b)  -> (artifact id: '8b980e67b89e9191cf2f6a55dc945d55') in 0.020754 seconds
Number of updated asset objects reloaded before import = 0
Number of asset objects unloaded after import = 31
========================================================================
Received Import Request.
  Time since last request: 0.000259 seconds.
  path: Assets/RPG Monster DUO PBR Polyart/Materials/Stage.mat
  artifactKey: Guid(abaea1a47e73483590f52e512a9adda3) Importer(815301076,1909f56bfc062723c751e8b465ee728b)
Start importing Assets/RPG Monster DUO PBR Polyart/Materials/Stage.mat using Guid(abaea1a47e73483590f52e512a9adda3) Importer(815301076,1909f56bfc062723c751e8b465ee728b)  -> (artifact id: '4e7a1de201652de514b551ae1b189005') in 0.010901 seconds
Number of updated asset objects reloaded before import = 0
Number of asset objects unloaded after import = 1
========================================================================
Received Import Request.
  Time since last request: 0.000185 seconds.
  path: Assets/Runemark Studio/Freebies/Polygon Desert Pack/Meshes/rock02.obj
  artifactKey: Guid(058a60518d9f0314cbab4b04498acdf4) Importer(815301076,1909f56bfc062723c751e8b465ee728b)
Start importing Assets/Runemark Studio/Freebies/Polygon Desert Pack/Meshes/rock02.obj using Guid(058a60518d9f0314cbab4b04498acdf4) Importer(815301076,1909f56bfc062723c751e8b465ee728b)  -> (artifact id: 'fed6216d144e50d04c9d6befb0afd894') in 0.017768 seconds
Number of updated asset objects reloaded before import = 0
Number of asset objects unloaded after import = 10
========================================================================
Received Import Request.
  Time since last request: 0.000242 seconds.
  path: Assets/RPG Monster DUO PBR Polyart/Animations/Slime/Run_Slime_Anim.fbx
  artifactKey: Guid(373e018c84074eaca27e94e2b90039bb) Importer(815301076,1909f56bfc062723c751e8b465ee728b)
Start importing Assets/RPG Monster DUO PBR Polyart/Animations/Slime/Run_Slime_Anim.fbx using Guid(373e018c84074eaca27e94e2b90039bb) Importer(815301076,1909f56bfc062723c751e8b465ee728b)  -> (artifact id: 'c2d95d409f27de16c2753e2c539d5657') in 0.026387 seconds
Number of updated asset objects reloaded before import = 0
Number of asset objects unloaded after import = 31
========================================================================
Received Import Request.
  Time since last request: 0.000270 seconds.
  path: Assets/RPG Monster DUO PBR Polyart/Animations/TurtleShell/WalkLeft_TurtleShell_Anim.fbx
  artifactKey: Guid(fc293ba79aa94a5fa823e89ea330ec59) Importer(815301076,1909f56bfc062723c751e8b465ee728b)
Start importing Assets/RPG Monster DUO PBR Polyart/Animations/TurtleShell/WalkLeft_TurtleShell_Anim.fbx using Guid(fc293ba79aa94a5fa823e89ea330ec59) Importer(815301076,1909f56bfc062723c751e8b465ee728b)  -> (artifact id: '538ea69c3dcc8780ae6a217c4c9c49ad') in 0.029880 seconds
Number of updated asset objects reloaded before import = 0
Number of asset objects unloaded after import = 71
========================================================================
Received Import Request.
  Time since last request: 0.000359 seconds.
  path: Assets/Polylised - Medieval Desert City/Models/Civilian_Buildings/Materials/Standard_Mat.mat
  artifactKey: Guid(79c0ed27559cb4af48f1d235f6cf7e69) Importer(815301076,1909f56bfc062723c751e8b465ee728b)
Start importing Assets/Polylised - Medieval Desert City/Models/Civilian_Buildings/Materials/Standard_Mat.mat using Guid(79c0ed27559cb4af48f1d235f6cf7e69) Importer(815301076,1909f56bfc062723c751e8b465ee728b)  -> (artifact id: '7dda27479428c15d3ecb359987ffefe9') in 0.010001 seconds
Number of updated asset objects reloaded before import = 0
Number of asset objects unloaded after import = 1
========================================================================
Received Import Request.
  Time since last request: 0.001371 seconds.
  path: Assets/Runemark Studio/Freebies/Polygon Desert Pack/Materials/Thorn.mat
  artifactKey: Guid(f5862a071b976404b90477399414fa74) Importer(815301076,1909f56bfc062723c751e8b465ee728b)
Start importing Assets/Runemark Studio/Freebies/Polygon Desert Pack/Materials/Thorn.mat using Guid(f5862a071b976404b90477399414fa74) Importer(815301076,1909f56bfc062723c751e8b465ee728b)  -> (artifact id: '30f205e08ff30699088af0239b4cda9b') in 0.424240 seconds
Number of updated asset objects reloaded before import = 0
Number of asset objects unloaded after import = 1
========================================================================
Received Import Request.
  Time since last request: 0.000561 seconds.
  path: Assets/RPG Monster DUO PBR Polyart/Animations/Slime/WalkBack_Slime_Anim.fbx
  artifactKey: Guid(1707f5753277428e8aeacdb11004a50b) Importer(815301076,1909f56bfc062723c751e8b465ee728b)
Start importing Assets/RPG Monster DUO PBR Polyart/Animations/Slime/WalkBack_Slime_Anim.fbx using Guid(1707f5753277428e8aeacdb11004a50b) Importer(815301076,1909f56bfc062723c751e8b465ee728b)  -> (artifact id: '4054cd8056476c78738d70260760330b') in 0.022674 seconds
Number of updated asset objects reloaded before import = 0
Number of asset objects unloaded after import = 31
========================================================================
Received Import Request.
  Time since last request: 0.000067 seconds.
  path: Assets/Runemark Studio/Freebies/Polygon Desert Pack/Meshes/cactus2.fbx
  artifactKey: Guid(2b63748d5982bde4ebdd93a3a4ba6f76) Importer(815301076,1909f56bfc062723c751e8b465ee728b)
Start importing Assets/Runemark Studio/Freebies/Polygon Desert Pack/Meshes/cactus2.fbx using Guid(2b63748d5982bde4ebdd93a3a4ba6f76) Importer(815301076,1909f56bfc062723c751e8b465ee728b)  -> (artifact id: 'e20f16651b6863c61ffeea51ad0a89d7') in 0.019489 seconds
Number of updated asset objects reloaded before import = 0
Number of asset objects unloaded after import = 7
========================================================================
Received Import Request.
  Time since last request: 0.000113 seconds.
  path: Assets/RPG Monster DUO PBR Polyart/Animations/TurtleShell/Taunt_TurtleShell_Anim.fbx
  artifactKey: Guid(04810a4318d746d39ffa6c64084ca93a) Importer(815301076,1909f56bfc062723c751e8b465ee728b)
Start importing Assets/RPG Monster DUO PBR Polyart/Animations/TurtleShell/Taunt_TurtleShell_Anim.fbx using Guid(04810a4318d746d39ffa6c64084ca93a) Importer(815301076,1909f56bfc062723c751e8b465ee728b)  -> (artifact id: '56b94ede4d1db7dfc91337b3253a093e') in 0.026829 seconds
Number of updated asset objects reloaded before import = 0
Number of asset objects unloaded after import = 71
========================================================================
Received Import Request.
  Time since last request: 0.000072 seconds.
  path: Assets/TextMesh Pro/Examples & Extras/Materials/Small Crate_diffuse.mat
  artifactKey: Guid(22262639920f43d6be32430e4e58350d) Importer(815301076,1909f56bfc062723c751e8b465ee728b)
Start importing Assets/TextMesh Pro/Examples & Extras/Materials/Small Crate_diffuse.mat using Guid(22262639920f43d6be32430e4e58350d) Importer(815301076,1909f56bfc062723c751e8b465ee728b)  -> (artifact id: '209ed03f5e8b5cd3b34f2153f959b619') in 0.663591 seconds
Number of updated asset objects reloaded before import = 0
Number of asset objects unloaded after import = 3
========================================================================
Received Prepare
Begin MonoManager ReloadAssembly
Thread 0x2a213f000 may have been prematurely finalized
- Loaded All Assemblies, in  0.446 seconds
Refreshing native plugins compatible for Editor in 1.22 ms, found 2 plugins.
Native extension for OSXStandalone target not found
[Package Manager] Server::EnsureServerProcessIsRunning -- launch failed, reason: Unity was launched with the -noUpm command-line argument
[Package Manager] UpmClient::Send -- Unable to send message (not connected to UPM process).
[Package Manager] Cannot connect to Unity Package Manager local server
Mono: successfully reloaded assembly
- Finished resetting the current domain, in  1.429 seconds
Domain Reload Profiling: 1876ms
	BeginReloadAssembly (154ms)
		ExecutionOrderSort (0ms)
		DisableScriptedObjects (5ms)
		BackupInstance (0ms)
		ReleaseScriptingObjects (0ms)
		CreateAndSetChildDomain (65ms)
	RebuildCommonClasses (39ms)
	RebuildNativeTypeToScriptingClass (14ms)
	initialDomainReloadingComplete (23ms)
	LoadAllAssembliesAndSetupDomain (215ms)
		LoadAssemblies (243ms)
		RebuildTransferFunctionScriptingTraits (0ms)
		AnalyzeDomain (21ms)
			TypeCache.Refresh (12ms)
				TypeCache.ScanAssembly (0ms)
			ScanForSourceGeneratedMonoScriptInfo (0ms)
			ResolveRequiredComponents (9ms)
	FinalizeReload (1430ms)
		ReleaseScriptCaches (0ms)
		RebuildScriptCaches (0ms)
		SetupLoadedEditorAssemblies (737ms)
			LogAssemblyErrors (0ms)
			InitializePlatformSupportModulesInManaged (5ms)
			SetLoadedEditorAssemblies (7ms)
			RefreshPlugins (0ms)
			BeforeProcessingInitializeOnLoad (109ms)
			ProcessInitializeOnLoadAttributes (575ms)
			ProcessInitializeOnLoadMethodAttributes (38ms)
			AfterProcessingInitializeOnLoad (2ms)
			EditorAssembliesLoaded (0ms)
		ExecutionOrderSort2 (0ms)
		AwakeInstancesAfterBackupRestoration (8ms)
Refreshing native plugins compatible for Editor in 3.15 ms, found 2 plugins.
Preloading 0 native plugins for Editor in 0.00 ms.
Unloading 3167 Unused Serialized files (Serialized files now loaded: 0)
Unloading 23 unused Assets / (30.7 KB). Loaded Objects now: 3712.
Memory consumption went from 147.8 MB to 147.8 MB.
Total: 7.187625 ms (FindLiveObjects: 0.608959 ms CreateObjectMapping: 0.137000 ms MarkObjects: 6.285292 ms  DeleteObjects: 0.154583 ms)

Prepare: number of updated asset objects reloaded= 0
AssetImportParameters requested are different than current active one (requested -> active):
  custom:container-demuxer-ogg: 62fdf1f143b41e24485cea50d1cbac27 -> 
  custom:video-decoder-ogg-theora: a1e56fd34408186e4bbccfd4996cb3dc -> 
  custom:CustomObjectIndexerAttribute: 9a22284fe3817be447336de3de66b15e -> 
  custom:container-demuxer-webm: 4f35f7cbe854078d1ac9338744f61a02 -> 
  custom:container-muxer-webm: aa71ff27fc2769a1b78a27578f13a17b -> 
  custom:video-decoder-webm-vp8: 9c59270c3fd7afecdb556c50c9e8de78 -> 
  custom:SearchIndexIgnoredProperties: e643bd26f0fe6173181afceb89e7c659 -> 
  custom:AudioImporter_EditorPlatform: 3918e3fc78b5a79bad01e8451be0beb8 -> 
  custom:framework-osx-AVFoundation: e770b220cccbd017edd2c1fefb359320 -> 
  custom:video-encoder-webm-vp8: eb34c28f22e8b96e1ab97ce403110664 -> 
  custom:audio-decoder-ogg-vorbis: bf7c407c2cedff20999df2af8eb42d56 -> 
  custom:audio-encoder-webm-vorbis: bf7c407c2cedff20999df2af8eb42d56 -> 
========================================================================
Received Import Request.
  Time since last request: 25.394355 seconds.
  path: Assets/Polylised - Medieval Desert City/Models/Civilian_Buildings/Materials/Roof_1.mat
  artifactKey: Guid(8601c55c656248f4db44be4d669c2f39) Importer(815301076,1909f56bfc062723c751e8b465ee728b)
Start importing Assets/Polylised - Medieval Desert City/Models/Civilian_Buildings/Materials/Roof_1.mat using Guid(8601c55c656248f4db44be4d669c2f39) Importer(815301076,1909f56bfc062723c751e8b465ee728b)  -> (artifact id: 'c75b63b7e62532a9869d5ade90e8b933') in 0.105777 seconds
Number of updated asset objects reloaded before import = 0
Number of asset objects unloaded after import = 1
========================================================================
Received Import Request.
  Time since last request: 0.000049 seconds.
  path: Assets/Polylised - Medieval Desert City/Models/Props/Materials/Roof_3.mat
  artifactKey: Guid(b9120ae9a3ef11a4c99f139f86ed7b47) Importer(815301076,1909f56bfc062723c751e8b465ee728b)
Start importing Assets/Polylised - Medieval Desert City/Models/Props/Materials/Roof_3.mat using Guid(b9120ae9a3ef11a4c99f139f86ed7b47) Importer(815301076,1909f56bfc062723c751e8b465ee728b)  -> (artifact id: 'c1b89fa7abd3172f122e79b2f6b1914d') in 0.005858 seconds
Number of updated asset objects reloaded before import = 0
Number of asset objects unloaded after import = 1
========================================================================
Received Import Request.
  Time since last request: 0.000178 seconds.
  path: Assets/Polylised - Medieval Desert City/Models/Civilian_Buildings/Materials/Roof_3.mat
  artifactKey: Guid(7ce693547ae759e4c95ee9c785e97232) Importer(815301076,1909f56bfc062723c751e8b465ee728b)
Start importing Assets/Polylised - Medieval Desert City/Models/Civilian_Buildings/Materials/Roof_3.mat using Guid(7ce693547ae759e4c95ee9c785e97232) Importer(815301076,1909f56bfc062723c751e8b465ee728b)  -> (artifact id: '2e0a33c2e45462d286150238d7446ee5') in 0.013983 seconds
Number of updated asset objects reloaded before import = 0
Number of asset objects unloaded after import = 1
========================================================================
Received Import Request.
  Time since last request: 0.000117 seconds.
  path: Assets/Polylised - Medieval Desert City/Models/Civilian_Buildings/Materials/Roof_2.mat
  artifactKey: Guid(86a87aefd89d39f48b3caafb4347b922) Importer(815301076,1909f56bfc062723c751e8b465ee728b)
Start importing Assets/Polylised - Medieval Desert City/Models/Civilian_Buildings/Materials/Roof_2.mat using Guid(86a87aefd89d39f48b3caafb4347b922) Importer(815301076,1909f56bfc062723c751e8b465ee728b)  -> (artifact id: '70f03f9a7e996f9976b3111b91c00fff') in 0.005412 seconds
Number of updated asset objects reloaded before import = 0
Number of asset objects unloaded after import = 1
========================================================================
Received Import Request.
  Time since last request: 0.032011 seconds.
  path: Assets/RPG Monster DUO PBR Polyart/Materials/PBRDefault.mat
  artifactKey: Guid(d9c0226bd4324f01bc178cf4a515ef84) Importer(815301076,1909f56bfc062723c751e8b465ee728b)
Start importing Assets/RPG Monster DUO PBR Polyart/Materials/PBRDefault.mat using Guid(d9c0226bd4324f01bc178cf4a515ef84) Importer(815301076,1909f56bfc062723c751e8b465ee728b)  -> (artifact id: '425a1e927a11f00bab7993a96b2647cc') in 0.011354 seconds
Number of updated asset objects reloaded before import = 0
Number of asset objects unloaded after import = 4
========================================================================
Received Import Request.
  Time since last request: 0.000063 seconds.
  path: Assets/TextMesh Pro/Examples & Extras/Resources/Fonts & Materials/Roboto-Bold SDF.asset
  artifactKey: Guid(5302535af1044152a457ed104f1f4b91) Importer(815301076,1909f56bfc062723c751e8b465ee728b)
Start importing Assets/TextMesh Pro/Examples & Extras/Resources/Fonts & Materials/Roboto-Bold SDF.asset using Guid(5302535af1044152a457ed104f1f4b91) Importer(815301076,1909f56bfc062723c751e8b465ee728b)  -> (artifact id: '203d8a752216c4facae85c85558bc9d1') in 0.062369 seconds
Number of updated asset objects reloaded before import = 0
Number of asset objects unloaded after import = 6
========================================================================
Received Import Request.
  Time since last request: 0.000048 seconds.
  path: Assets/TextMesh Pro/Examples & Extras/Resources/Fonts & Materials/Roboto-Bold SDF - Drop Shadow.mat
  artifactKey: Guid(b246c4190f4e46ec9352fe15a7b09ce0) Importer(815301076,1909f56bfc062723c751e8b465ee728b)
Start importing Assets/TextMesh Pro/Examples & Extras/Resources/Fonts & Materials/Roboto-Bold SDF - Drop Shadow.mat using Guid(b246c4190f4e46ec9352fe15a7b09ce0) Importer(815301076,1909f56bfc062723c751e8b465ee728b)  -> (artifact id: '9b7e9d26318a6e22e670060569117744') in 0.007917 seconds
Number of updated asset objects reloaded before import = 0
Number of asset objects unloaded after import = 2
========================================================================
Received Import Request.
  Time since last request: 0.000136 seconds.
  path: Assets/RPG Monster DUO PBR Polyart/Materials/PolyartDefault.mat
  artifactKey: Guid(f5f7d4d2b3764ec4aa59441ec6c2697b) Importer(815301076,1909f56bfc062723c751e8b465ee728b)
Start importing Assets/RPG Monster DUO PBR Polyart/Materials/PolyartDefault.mat using Guid(f5f7d4d2b3764ec4aa59441ec6c2697b) Importer(815301076,1909f56bfc062723c751e8b465ee728b)  -> (artifact id: '73d224b0383288a252ac4c00cf055c3a') in 0.010155 seconds
Number of updated asset objects reloaded before import = 0
Number of asset objects unloaded after import = 3
========================================================================
Received Import Request.
  Time since last request: 0.000068 seconds.
  path: Assets/Runemark Studio/Freebies/PolyDesert Mobile/Materials/polydesert_atlas.mat
  artifactKey: Guid(0d77e7dfe6c8918409bb739458ba8a9d) Importer(815301076,1909f56bfc062723c751e8b465ee728b)
Start importing Assets/Runemark Studio/Freebies/PolyDesert Mobile/Materials/polydesert_atlas.mat using Guid(0d77e7dfe6c8918409bb739458ba8a9d) Importer(815301076,1909f56bfc062723c751e8b465ee728b)  -> (artifact id: '648229bb27d783835c8f2c481fcff19f') in 0.006609 seconds
Number of updated asset objects reloaded before import = 0
Number of asset objects unloaded after import = 1
========================================================================
Received Import Request.
  Time since last request: 0.300427 seconds.
  path: Assets/Polylised - Medieval Desert City/Models/Props/Materials/Metal_0.mat
  artifactKey: Guid(92069214568c23441b861bd0afc7624c) Importer(815301076,1909f56bfc062723c751e8b465ee728b)
Start importing Assets/Polylised - Medieval Desert City/Models/Props/Materials/Metal_0.mat using Guid(92069214568c23441b861bd0afc7624c) Importer(815301076,1909f56bfc062723c751e8b465ee728b)  -> (artifact id: '6c1f9de79e31eff04732716c49f3e163') in 0.005271 seconds
Number of updated asset objects reloaded before import = 0
Number of asset objects unloaded after import = 1
========================================================================
Received Import Request.
  Time since last request: 0.000178 seconds.
  path: Assets/Polylised - Medieval Desert City/Models/Civilian_Buildings/Materials/Metal_1.mat
  artifactKey: Guid(77ebce1b3526ac04895fc2e118e66e26) Importer(815301076,1909f56bfc062723c751e8b465ee728b)
Start importing Assets/Polylised - Medieval Desert City/Models/Civilian_Buildings/Materials/Metal_1.mat using Guid(77ebce1b3526ac04895fc2e118e66e26) Importer(815301076,1909f56bfc062723c751e8b465ee728b)  -> (artifact id: '00163f2ea19e4278f6ec7df8522d4706') in 0.007237 seconds
Number of updated asset objects reloaded before import = 0
Number of asset objects unloaded after import = 1
========================================================================
Received Import Request.
  Time since last request: 0.000198 seconds.
  path: Assets/Polylised - Medieval Desert City/Models/Props/Materials/Metal_1.mat
  artifactKey: Guid(72f8dde742eb4814583fa87a2dbcc313) Importer(815301076,1909f56bfc062723c751e8b465ee728b)
Start importing Assets/Polylised - Medieval Desert City/Models/Props/Materials/Metal_1.mat using Guid(72f8dde742eb4814583fa87a2dbcc313) Importer(815301076,1909f56bfc062723c751e8b465ee728b)  -> (artifact id: 'ecfaf0825ff496607ff4eee4d4f6a309') in 0.008131 seconds
Number of updated asset objects reloaded before import = 0
Number of asset objects unloaded after import = 1
========================================================================
Received Import Request.
  Time since last request: 0.000210 seconds.
  path: Assets/Polylised - Medieval Desert City/Models/Props/Materials/No Name.mat
  artifactKey: Guid(346aaf1064f0d406fa76447c0dff0ef9) Importer(815301076,1909f56bfc062723c751e8b465ee728b)
Start importing Assets/Polylised - Medieval Desert City/Models/Props/Materials/No Name.mat using Guid(346aaf1064f0d406fa76447c0dff0ef9) Importer(815301076,1909f56bfc062723c751e8b465ee728b)  -> (artifact id: '5bf8bd4b9da5bd2dd819dd254ee95f9a') in 0.005684 seconds
Number of updated asset objects reloaded before import = 0
Number of asset objects unloaded after import = 1
========================================================================
Received Import Request.
  Time since last request: 0.648067 seconds.
  path: Assets/Polylised - Medieval Desert City/Models/Civilian_Buildings/Materials/ground_1.mat
  artifactKey: Guid(744b1741abbb7f741996f81385ef0304) Importer(815301076,1909f56bfc062723c751e8b465ee728b)
Start importing Assets/Polylised - Medieval Desert City/Models/Civilian_Buildings/Materials/ground_1.mat using Guid(744b1741abbb7f741996f81385ef0304) Importer(815301076,1909f56bfc062723c751e8b465ee728b)  -> (artifact id: '277172ffebf107a49f222569879e460c') in 0.005568 seconds
Number of updated asset objects reloaded before import = 0
Number of asset objects unloaded after import = 1
========================================================================
Received Import Request.
  Time since last request: 0.000656 seconds.
  path: Assets/TextMesh Pro/Examples & Extras/Resources/Fonts & Materials/LiberationSans SDF - Overlay.mat
  artifactKey: Guid(9ad269c99dcf42b7aedefd83dd5a7b9d) Importer(815301076,1909f56bfc062723c751e8b465ee728b)
Start importing Assets/TextMesh Pro/Examples & Extras/Resources/Fonts & Materials/LiberationSans SDF - Overlay.mat using Guid(9ad269c99dcf42b7aedefd83dd5a7b9d) Importer(815301076,1909f56bfc062723c751e8b465ee728b)  -> (artifact id: '39a70d8af706a80df0bb1babd18606f2') in 0.026672 seconds
Number of updated asset objects reloaded before import = 0
Number of asset objects unloaded after import = 2
========================================================================
Received Import Request.
  Time since last request: 0.000055 seconds.
  path: Assets/TextMesh Pro/Resources/Fonts & Materials/LiberationSans SDF - Fallback.asset
  artifactKey: Guid(2e498d1c8094910479dc3e1b768306a4) Importer(815301076,1909f56bfc062723c751e8b465ee728b)
Start importing Assets/TextMesh Pro/Resources/Fonts & Materials/LiberationSans SDF - Fallback.asset using Guid(2e498d1c8094910479dc3e1b768306a4) Importer(815301076,1909f56bfc062723c751e8b465ee728b)  -> (artifact id: 'e69770e96433b1b247f7742d2a606527') in 0.012700 seconds
Number of updated asset objects reloaded before import = 0
Number of asset objects unloaded after import = 6
========================================================================
Received Import Request.
  Time since last request: 0.000046 seconds.
  path: Assets/TextMesh Pro/Resources/Fonts & Materials/LiberationSans SDF - Drop Shadow.mat
  artifactKey: Guid(e73a58f6e2794ae7b1b7e50b7fb811b0) Importer(815301076,1909f56bfc062723c751e8b465ee728b)
Start importing Assets/TextMesh Pro/Resources/Fonts & Materials/LiberationSans SDF - Drop Shadow.mat using Guid(e73a58f6e2794ae7b1b7e50b7fb811b0) Importer(815301076,1909f56bfc062723c751e8b465ee728b)  -> (artifact id: 'c59ef58e009c3e01c6bbf56f61f35f44') in 0.022006 seconds
Number of updated asset objects reloaded before import = 0
Number of asset objects unloaded after import = 2
========================================================================
Received Import Request.
  Time since last request: 0.000141 seconds.
  path: Assets/TextMesh Pro/Resources/Fonts & Materials/LiberationSans SDF.asset
  artifactKey: Guid(8f586378b4e144a9851e7b34d9b748ee) Importer(815301076,1909f56bfc062723c751e8b465ee728b)
Start importing Assets/TextMesh Pro/Resources/Fonts & Materials/LiberationSans SDF.asset using Guid(8f586378b4e144a9851e7b34d9b748ee) Importer(815301076,1909f56bfc062723c751e8b465ee728b)  -> (artifact id: '50cb51c668769806ab58233d7765281e') in 0.032182 seconds
Number of updated asset objects reloaded before import = 0
Number of asset objects unloaded after import = 9
========================================================================
Received Import Request.
  Time since last request: 0.000073 seconds.
  path: Assets/Polylised - Medieval Desert City/Models/Props/Materials/Light.mat
  artifactKey: Guid(8f9f77a3a7d36eb4f8f8241b60fcf9e9) Importer(815301076,1909f56bfc062723c751e8b465ee728b)
Start importing Assets/Polylised - Medieval Desert City/Models/Props/Materials/Light.mat using Guid(8f9f77a3a7d36eb4f8f8241b60fcf9e9) Importer(815301076,1909f56bfc062723c751e8b465ee728b)  -> (artifact id: '23ec16b6ffc7ac4ba89049b26c0fdf34') in 0.090019 seconds
Number of updated asset objects reloaded before import = 0
Number of asset objects unloaded after import = 1
========================================================================
Received Import Request.
  Time since last request: 0.000188 seconds.
  path: Assets/TextMesh Pro/Examples & Extras/Resources/Fonts & Materials/LiberationSans SDF - Soft Mask.mat
  artifactKey: Guid(42df1c7856584b6b8db9a509b6b10074) Importer(815301076,1909f56bfc062723c751e8b465ee728b)
Start importing Assets/TextMesh Pro/Examples & Extras/Resources/Fonts & Materials/LiberationSans SDF - Soft Mask.mat using Guid(42df1c7856584b6b8db9a509b6b10074) Importer(815301076,1909f56bfc062723c751e8b465ee728b)  -> (artifact id: '1c8d07d734cf8378cc43a56016a92b16') in 0.041732 seconds
Number of updated asset objects reloaded before import = 0
Number of asset objects unloaded after import = 3
========================================================================
Received Import Request.
  Time since last request: 0.727463 seconds.
  path: Assets/TextMesh Pro/Examples & Extras/Fonts/Bangers.ttf
  artifactKey: Guid(5dd49b3eacc540408c98eee0de38e0f1) Importer(815301076,1909f56bfc062723c751e8b465ee728b)
Start importing Assets/TextMesh Pro/Examples & Extras/Fonts/Bangers.ttf using Guid(5dd49b3eacc540408c98eee0de38e0f1) Importer(815301076,1909f56bfc062723c751e8b465ee728b)  -> (artifact id: '79bd78b8277b4430e4c58903622b6186') in 0.031100 seconds
Number of updated asset objects reloaded before import = 0
Number of asset objects unloaded after import = 4
========================================================================
Received Import Request.
  Time since last request: 0.000082 seconds.
  path: Assets/Runemark Studio/Freebies/Polygon Desert Pack/Materials/Ground.mat
  artifactKey: Guid(c0f96e6b229bfe24d85d8b8190d83096) Importer(815301076,1909f56bfc062723c751e8b465ee728b)
Start importing Assets/Runemark Studio/Freebies/Polygon Desert Pack/Materials/Ground.mat using Guid(c0f96e6b229bfe24d85d8b8190d83096) Importer(815301076,1909f56bfc062723c751e8b465ee728b)  -> (artifact id: 'd29bc5927f8f2970e38e8e697992100e') in 0.008335 seconds
Number of updated asset objects reloaded before import = 0
Number of asset objects unloaded after import = 1
========================================================================
Received Import Request.
  Time since last request: 0.000243 seconds.
  path: Assets/TextMesh Pro/Fonts/LiberationSans.ttf
  artifactKey: Guid(e3265ab4bf004d28a9537516768c1c75) Importer(815301076,1909f56bfc062723c751e8b465ee728b)
Start importing Assets/TextMesh Pro/Fonts/LiberationSans.ttf using Guid(e3265ab4bf004d28a9537516768c1c75) Importer(815301076,1909f56bfc062723c751e8b465ee728b)  -> (artifact id: '8ace9910af087477ea91241a6524030b') in 0.011164 seconds
Number of updated asset objects reloaded before import = 0
Number of asset objects unloaded after import = 4
========================================================================
Received Import Request.
  Time since last request: 0.000194 seconds.
  path: Assets/TextMesh Pro/Examples & Extras/Materials/Ground - Logo Scene.mat
  artifactKey: Guid(c719e38f25a9480abd2480ab621a2949) Importer(815301076,1909f56bfc062723c751e8b465ee728b)
Start importing Assets/TextMesh Pro/Examples & Extras/Materials/Ground - Logo Scene.mat using Guid(c719e38f25a9480abd2480ab621a2949) Importer(815301076,1909f56bfc062723c751e8b465ee728b)  -> (artifact id: 'dc2b042ff7fa08f4dfe1c6cac683b851') in 0.009609 seconds
Number of updated asset objects reloaded before import = 0
Number of asset objects unloaded after import = 2
========================================================================
Received Import Request.
  Time since last request: 0.106992 seconds.
  path: Assets/Polylised - Medieval Desert City/Models/Terrain/Materials/default.mat
  artifactKey: Guid(4be84c549cd8b4473a168c6ac004ed25) Importer(815301076,1909f56bfc062723c751e8b465ee728b)
Start importing Assets/Polylised - Medieval Desert City/Models/Terrain/Materials/default.mat using Guid(4be84c549cd8b4473a168c6ac004ed25) Importer(815301076,1909f56bfc062723c751e8b465ee728b)  -> (artifact id: '57467df8a03ef8a9325d9fdc104a7e87') in 0.004504 seconds
Number of updated asset objects reloaded before import = 0
Number of asset objects unloaded after import = 1
========================================================================
Received Import Request.
  Time since last request: 0.000267 seconds.
  path: Assets/Runemark Studio/Freebies/Polygon Desert Pack/Materials/DesertRocks.mat
  artifactKey: Guid(df64b2ddea7920a40962d7aac24b2869) Importer(815301076,1909f56bfc062723c751e8b465ee728b)
Start importing Assets/Runemark Studio/Freebies/Polygon Desert Pack/Materials/DesertRocks.mat using Guid(df64b2ddea7920a40962d7aac24b2869) Importer(815301076,1909f56bfc062723c751e8b465ee728b)  -> (artifact id: '6ea113b18501ce7ec1aec7268ef5fdf1') in 0.007366 seconds
Number of updated asset objects reloaded before import = 0
Number of asset objects unloaded after import = 1
========================================================================
Received Import Request.
  Time since last request: 0.000168 seconds.
  path: Assets/Runemark Studio/Freebies/PolyDesert Mobile/Meshes/Materials/defaultMat.mat
  artifactKey: Guid(f8919e1433fb7448c873e2ca8a21d6ea) Importer(815301076,1909f56bfc062723c751e8b465ee728b)
Start importing Assets/Runemark Studio/Freebies/PolyDesert Mobile/Meshes/Materials/defaultMat.mat using Guid(f8919e1433fb7448c873e2ca8a21d6ea) Importer(815301076,1909f56bfc062723c751e8b465ee728b)  -> (artifact id: '2e3eb7eb1aa5b953b9c9ad48d2c43776') in 0.009272 seconds
Number of updated asset objects reloaded before import = 0
Number of asset objects unloaded after import = 1
========================================================================
Received Import Request.
  Time since last request: 9.941655 seconds.
  path: Assets/Polylised - Medieval Desert City/Models/Civilian_Buildings/Materials/Cloth_4.mat
  artifactKey: Guid(73bb492173387a344a6284831b74ea6e) Importer(815301076,1909f56bfc062723c751e8b465ee728b)
Start importing Assets/Polylised - Medieval Desert City/Models/Civilian_Buildings/Materials/Cloth_4.mat using Guid(73bb492173387a344a6284831b74ea6e) Importer(815301076,1909f56bfc062723c751e8b465ee728b)  -> (artifact id: '3d25d7d50cb3714cb01a4edef8e33b6f') in 0.013153 seconds
Number of updated asset objects reloaded before import = 0
Number of asset objects unloaded after import = 1
========================================================================
Received Import Request.
  Time since last request: 0.000132 seconds.
  path: Assets/Polylised - Medieval Desert City/Models/Props/Materials/Cloth_5.mat
  artifactKey: Guid(f59d3ded70a016d43a8aaf9e788663c2) Importer(815301076,1909f56bfc062723c751e8b465ee728b)
Start importing Assets/Polylised - Medieval Desert City/Models/Props/Materials/Cloth_5.mat using Guid(f59d3ded70a016d43a8aaf9e788663c2) Importer(815301076,1909f56bfc062723c751e8b465ee728b)  -> (artifact id: '1d75215966a86065cd7cb44b4eb32637') in 0.009895 seconds
Number of updated asset objects reloaded before import = 0
Number of asset objects unloaded after import = 1
========================================================================
Received Import Request.
  Time since last request: 0.000339 seconds.
  path: Assets/Polylised - Medieval Desert City/Models/Props/Materials/Cloth_6.mat
  artifactKey: Guid(4b28c2a7cdac0d14a83939f106badd7c) Importer(815301076,1909f56bfc062723c751e8b465ee728b)
Start importing Assets/Polylised - Medieval Desert City/Models/Props/Materials/Cloth_6.mat using Guid(4b28c2a7cdac0d14a83939f106badd7c) Importer(815301076,1909f56bfc062723c751e8b465ee728b)  -> (artifact id: 'ba75c923e1b58541736b7bb1568fcdba') in 0.015887 seconds
Number of updated asset objects reloaded before import = 0
Number of asset objects unloaded after import = 1
========================================================================
Received Import Request.
  Time since last request: 0.000713 seconds.
  path: Assets/Polylised - Medieval Desert City/Models/Civilian_Buildings/Materials/Cloth_5.mat
  artifactKey: Guid(098163776a757c842bd663b8fcb7f05e) Importer(815301076,1909f56bfc062723c751e8b465ee728b)
Start importing Assets/Polylised - Medieval Desert City/Models/Civilian_Buildings/Materials/Cloth_5.mat using Guid(098163776a757c842bd663b8fcb7f05e) Importer(815301076,1909f56bfc062723c751e8b465ee728b)  -> (artifact id: 'cc035e7d2b2c62ca43356b0eac1c9864') in 0.009744 seconds
Number of updated asset objects reloaded before import = 0
Number of asset objects unloaded after import = 1
========================================================================
Received Import Request.
  Time since last request: 0.000832 seconds.
  path: Assets/Polylised - Medieval Desert City/Models/Props/Materials/Cloth_4.mat
  artifactKey: Guid(d1741f76a971f6345ae3334eed406253) Importer(815301076,1909f56bfc062723c751e8b465ee728b)
Start importing Assets/Polylised - Medieval Desert City/Models/Props/Materials/Cloth_4.mat using Guid(d1741f76a971f6345ae3334eed406253) Importer(815301076,1909f56bfc062723c751e8b465ee728b)  -> (artifact id: '9930e70997ac6ba4137e8e9ed0dacd20') in 0.013081 seconds
Number of updated asset objects reloaded before import = 0
Number of asset objects unloaded after import = 1
========================================================================
Received Import Request.
  Time since last request: 14.940532 seconds.
  path: Assets/Polylised - Medieval Desert City/Models/Props/Materials/Cloth_0.mat
  artifactKey: Guid(69cef479e1ab76c44acb59c69aa9bf79) Importer(815301076,1909f56bfc062723c751e8b465ee728b)
Start importing Assets/Polylised - Medieval Desert City/Models/Props/Materials/Cloth_0.mat using Guid(69cef479e1ab76c44acb59c69aa9bf79) Importer(815301076,1909f56bfc062723c751e8b465ee728b)  -> (artifact id: '75c06f46f2245bac30b172eb7a8a7641') in 0.012748 seconds
Number of updated asset objects reloaded before import = 0
Number of asset objects unloaded after import = 1
========================================================================
Received Import Request.
  Time since last request: 0.000189 seconds.
  path: Assets/Polylised - Medieval Desert City/Models/Props/Materials/Cloth_1.mat
  artifactKey: Guid(c7a308f4e867cb246af707103c1e9dad) Importer(815301076,1909f56bfc062723c751e8b465ee728b)
Start importing Assets/Polylised - Medieval Desert City/Models/Props/Materials/Cloth_1.mat using Guid(c7a308f4e867cb246af707103c1e9dad) Importer(815301076,1909f56bfc062723c751e8b465ee728b)  -> (artifact id: '0ef35b00c956f99fd5a4f397e018bc63') in 0.006638 seconds
Number of updated asset objects reloaded before import = 0
Number of asset objects unloaded after import = 1
========================================================================
Received Import Request.
  Time since last request: 0.000298 seconds.
  path: Assets/Polylised - Medieval Desert City/Models/Civilian_Buildings/Materials/Cloth_1.mat
  artifactKey: Guid(2ccda7ea0deffd74fa5caf33fcde2318) Importer(815301076,1909f56bfc062723c751e8b465ee728b)
Start importing Assets/Polylised - Medieval Desert City/Models/Civilian_Buildings/Materials/Cloth_1.mat using Guid(2ccda7ea0deffd74fa5caf33fcde2318) Importer(815301076,1909f56bfc062723c751e8b465ee728b)  -> (artifact id: '1c7bb33eb6105e62f372626053fff4ec') in 0.020207 seconds
Number of updated asset objects reloaded before import = 0
Number of asset objects unloaded after import = 1
========================================================================
Received Import Request.
  Time since last request: 19.137591 seconds.
  path: Assets/TextMesh Pro/Examples & Extras/Resources/Fonts & Materials/Anton SDF - Outline.mat
  artifactKey: Guid(a00013af81304728b2be1f4309ee2433) Importer(815301076,1909f56bfc062723c751e8b465ee728b)
Start importing Assets/TextMesh Pro/Examples & Extras/Resources/Fonts & Materials/Anton SDF - Outline.mat using Guid(a00013af81304728b2be1f4309ee2433) Importer(815301076,1909f56bfc062723c751e8b465ee728b)  -> (artifact id: 'fd5fc82baa59484280aa5d29563d054a') in 0.201869 seconds
Number of updated asset objects reloaded before import = 0
Number of asset objects unloaded after import = 2
========================================================================
Received Import Request.
  Time since last request: 0.000046 seconds.
  path: Assets/TextMesh Pro/Examples & Extras/Resources/Fonts & Materials/Bangers SDF Logo.mat
  artifactKey: Guid(f4e195ac1e204eff960149d1cb34e18c) Importer(815301076,1909f56bfc062723c751e8b465ee728b)
Start importing Assets/TextMesh Pro/Examples & Extras/Resources/Fonts & Materials/Bangers SDF Logo.mat using Guid(f4e195ac1e204eff960149d1cb34e18c) Importer(815301076,1909f56bfc062723c751e8b465ee728b)  -> (artifact id: '96fe60d47394606ef477ad3fb9b0ebd6') in 0.765683 seconds
Number of updated asset objects reloaded before import = 0
Number of asset objects unloaded after import = 4
========================================================================
Received Import Request.
  Time since last request: 92.602990 seconds.
  path: Assets/Polylised - Medieval Desert City/Models/Civilian_Buildings/Materials/Cloth_6.mat
  artifactKey: Guid(a242f6773b4ccc74193e486bc805bfd7) Importer(815301076,1909f56bfc062723c751e8b465ee728b)
Start importing Assets/Polylised - Medieval Desert City/Models/Civilian_Buildings/Materials/Cloth_6.mat using Guid(a242f6773b4ccc74193e486bc805bfd7) Importer(815301076,1909f56bfc062723c751e8b465ee728b)  -> (artifact id: '82920598622e1d9ecb64284e4c35895e') in 0.095423 seconds
Number of updated asset objects reloaded before import = 0
Number of asset objects unloaded after import = 4
========================================================================
Received Import Request.
  Time since last request: 29.544965 seconds.
  path: Assets/DogKnight/Prefab/DogPolyart.prefab
  artifactKey: Guid(45288819fde2143449a96207b14db0bb) Importer(815301076,1909f56bfc062723c751e8b465ee728b)
Start importing Assets/DogKnight/Prefab/DogPolyart.prefab using Guid(45288819fde2143449a96207b14db0bb) Importer(815301076,1909f56bfc062723c751e8b465ee728b)  -> (artifact id: '8cb48daacde70feabf57dd32cb57e7cc') in 0.161011 seconds
Number of updated asset objects reloaded before import = 0
Number of asset objects unloaded after import = 202
========================================================================
Received Prepare
Begin MonoManager ReloadAssembly
Thread 0x16bb4f000 may have been prematurely finalized
- Loaded All Assemblies, in  0.535 seconds
Refreshing native plugins compatible for Editor in 3.24 ms, found 2 plugins.
Native extension for OSXStandalone target not found
[Package Manager] Server::EnsureServerProcessIsRunning -- launch failed, reason: Unity was launched with the -noUpm command-line argument
[Package Manager] UpmClient::Send -- Unable to send message (not connected to UPM process).
[Package Manager] Cannot connect to Unity Package Manager local server
Mono: successfully reloaded assembly
- Finished resetting the current domain, in  1.556 seconds
Domain Reload Profiling: 2093ms
	BeginReloadAssembly (148ms)
		ExecutionOrderSort (0ms)
		DisableScriptedObjects (4ms)
		BackupInstance (0ms)
		ReleaseScriptingObjects (0ms)
		CreateAndSetChildDomain (62ms)
	RebuildCommonClasses (42ms)
	RebuildNativeTypeToScriptingClass (14ms)
	initialDomainReloadingComplete (25ms)
	LoadAllAssembliesAndSetupDomain (307ms)
		LoadAssemblies (292ms)
		RebuildTransferFunctionScriptingTraits (0ms)
		AnalyzeDomain (61ms)
			TypeCache.Refresh (47ms)
				TypeCache.ScanAssembly (0ms)
			ScanForSourceGeneratedMonoScriptInfo (0ms)
			ResolveRequiredComponents (13ms)
	FinalizeReload (1557ms)
		ReleaseScriptCaches (0ms)
		RebuildScriptCaches (0ms)
		SetupLoadedEditorAssemblies (742ms)
			LogAssemblyErrors (0ms)
			InitializePlatformSupportModulesInManaged (9ms)
			SetLoadedEditorAssemblies (11ms)
			RefreshPlugins (0ms)
			BeforeProcessingInitializeOnLoad (111ms)
			ProcessInitializeOnLoadAttributes (573ms)
			ProcessInitializeOnLoadMethodAttributes (36ms)
			AfterProcessingInitializeOnLoad (2ms)
			EditorAssembliesLoaded (0ms)
		ExecutionOrderSort2 (0ms)
		AwakeInstancesAfterBackupRestoration (7ms)
Refreshing native plugins compatible for Editor in 1.96 ms, found 2 plugins.
Preloading 0 native plugins for Editor in 0.00 ms.
Unloading 3167 Unused Serialized files (Serialized files now loaded: 0)
Unloading 23 unused Assets / (30.8 KB). Loaded Objects now: 3720.
Memory consumption went from 156.0 MB to 156.0 MB.
Total: 7.603750 ms (FindLiveObjects: 0.292708 ms CreateObjectMapping: 0.135000 ms MarkObjects: 7.074959 ms  DeleteObjects: 0.099833 ms)

Prepare: number of updated asset objects reloaded= 0
AssetImportParameters requested are different than current active one (requested -> active):
  custom:container-demuxer-ogg: 62fdf1f143b41e24485cea50d1cbac27 -> 
  custom:video-decoder-ogg-theora: a1e56fd34408186e4bbccfd4996cb3dc -> 
  custom:CustomObjectIndexerAttribute: 9a22284fe3817be447336de3de66b15e -> 
  custom:container-demuxer-webm: 4f35f7cbe854078d1ac9338744f61a02 -> 
  custom:container-muxer-webm: aa71ff27fc2769a1b78a27578f13a17b -> 
  custom:video-decoder-webm-vp8: 9c59270c3fd7afecdb556c50c9e8de78 -> 
  custom:SearchIndexIgnoredProperties: e643bd26f0fe6173181afceb89e7c659 -> 
  custom:AudioImporter_EditorPlatform: 3918e3fc78b5a79bad01e8451be0beb8 -> 
  custom:framework-osx-AVFoundation: e770b220cccbd017edd2c1fefb359320 -> 
  custom:video-encoder-webm-vp8: eb34c28f22e8b96e1ab97ce403110664 -> 
  custom:audio-decoder-ogg-vorbis: bf7c407c2cedff20999df2af8eb42d56 -> 
  custom:audio-encoder-webm-vorbis: bf7c407c2cedff20999df2af8eb42d56 -> 
========================================================================
Received Prepare
Begin MonoManager ReloadAssembly
Thread 0x16bb4f000 may have been prematurely finalized
- Loaded All Assemblies, in  0.500 seconds
Refreshing native plugins compatible for Editor in 1.29 ms, found 2 plugins.
Native extension for OSXStandalone target not found
[Package Manager] Server::EnsureServerProcessIsRunning -- launch failed, reason: Unity was launched with the -noUpm command-line argument
[Package Manager] UpmClient::Send -- Unable to send message (not connected to UPM process).
[Package Manager] Cannot connect to Unity Package Manager local server
Mono: successfully reloaded assembly
- Finished resetting the current domain, in  1.508 seconds
Domain Reload Profiling: 2010ms
	BeginReloadAssembly (132ms)
		ExecutionOrderSort (0ms)
		DisableScriptedObjects (5ms)
		BackupInstance (0ms)
		ReleaseScriptingObjects (0ms)
		CreateAndSetChildDomain (51ms)
	RebuildCommonClasses (39ms)
	RebuildNativeTypeToScriptingClass (14ms)
	initialDomainReloadingComplete (23ms)
	LoadAllAssembliesAndSetupDomain (292ms)
		LoadAssemblies (315ms)
		RebuildTransferFunctionScriptingTraits (0ms)
		AnalyzeDomain (23ms)
			TypeCache.Refresh (15ms)
				TypeCache.ScanAssembly (0ms)
			ScanForSourceGeneratedMonoScriptInfo (0ms)
			ResolveRequiredComponents (7ms)
	FinalizeReload (1509ms)
		ReleaseScriptCaches (0ms)
		RebuildScriptCaches (0ms)
		SetupLoadedEditorAssemblies (744ms)
			LogAssemblyErrors (0ms)
			InitializePlatformSupportModulesInManaged (8ms)
			SetLoadedEditorAssemblies (10ms)
			RefreshPlugins (0ms)
			BeforeProcessingInitializeOnLoad (111ms)
			ProcessInitializeOnLoadAttributes (579ms)
			ProcessInitializeOnLoadMethodAttributes (33ms)
			AfterProcessingInitializeOnLoad (2ms)
			EditorAssembliesLoaded (0ms)
		ExecutionOrderSort2 (0ms)
		AwakeInstancesAfterBackupRestoration (9ms)
Refreshing native plugins compatible for Editor in 2.61 ms, found 2 plugins.
Preloading 0 native plugins for Editor in 0.00 ms.
Unloading 3167 Unused Serialized files (Serialized files now loaded: 0)
Unloading 23 unused Assets / (30.8 KB). Loaded Objects now: 3723.
Memory consumption went from 161.0 MB to 161.0 MB.
Total: 8.084208 ms (FindLiveObjects: 0.296958 ms CreateObjectMapping: 0.153625 ms MarkObjects: 7.545250 ms  DeleteObjects: 0.087667 ms)

Prepare: number of updated asset objects reloaded= 0
AssetImportParameters requested are different than current active one (requested -> active):
  custom:container-demuxer-ogg: 62fdf1f143b41e24485cea50d1cbac27 -> 
  custom:video-decoder-ogg-theora: a1e56fd34408186e4bbccfd4996cb3dc -> 
  custom:CustomObjectIndexerAttribute: 9a22284fe3817be447336de3de66b15e -> 
  custom:container-demuxer-webm: 4f35f7cbe854078d1ac9338744f61a02 -> 
  custom:container-muxer-webm: aa71ff27fc2769a1b78a27578f13a17b -> 
  custom:video-decoder-webm-vp8: 9c59270c3fd7afecdb556c50c9e8de78 -> 
  custom:SearchIndexIgnoredProperties: e643bd26f0fe6173181afceb89e7c659 -> 
  custom:AudioImporter_EditorPlatform: 3918e3fc78b5a79bad01e8451be0beb8 -> 
  custom:framework-osx-AVFoundation: e770b220cccbd017edd2c1fefb359320 -> 
  custom:video-encoder-webm-vp8: eb34c28f22e8b96e1ab97ce403110664 -> 
  custom:audio-decoder-ogg-vorbis: bf7c407c2cedff20999df2af8eb42d56 -> 
  custom:audio-encoder-webm-vorbis: bf7c407c2cedff20999df2af8eb42d56 -> 
========================================================================
Received Prepare
Begin MonoManager ReloadAssembly
Thread 0x16bb4f000 may have been prematurely finalized
- Loaded All Assemblies, in  0.452 seconds
Refreshing native plugins compatible for Editor in 1.38 ms, found 2 plugins.
Native extension for OSXStandalone target not found
[Package Manager] Server::EnsureServerProcessIsRunning -- launch failed, reason: Unity was launched with the -noUpm command-line argument
[Package Manager] UpmClient::Send -- Unable to send message (not connected to UPM process).
[Package Manager] Cannot connect to Unity Package Manager local server
Mono: successfully reloaded assembly
- Finished resetting the current domain, in  1.479 seconds
Domain Reload Profiling: 1933ms
	BeginReloadAssembly (142ms)
		ExecutionOrderSort (0ms)
		DisableScriptedObjects (5ms)
		BackupInstance (0ms)
		ReleaseScriptingObjects (0ms)
		CreateAndSetChildDomain (56ms)
	RebuildCommonClasses (40ms)
	RebuildNativeTypeToScriptingClass (14ms)
	initialDomainReloadingComplete (23ms)
	LoadAllAssembliesAndSetupDomain (234ms)
		LoadAssemblies (249ms)
		RebuildTransferFunctionScriptingTraits (0ms)
		AnalyzeDomain (34ms)
			TypeCache.Refresh (15ms)
				TypeCache.ScanAssembly (0ms)
			ScanForSourceGeneratedMonoScriptInfo (1ms)
			ResolveRequiredComponents (16ms)
	FinalizeReload (1480ms)
		ReleaseScriptCaches (0ms)
		RebuildScriptCaches (0ms)
		SetupLoadedEditorAssemblies (742ms)
			LogAssemblyErrors (0ms)
			InitializePlatformSupportModulesInManaged (7ms)
			SetLoadedEditorAssemblies (11ms)
			RefreshPlugins (0ms)
			BeforeProcessingInitializeOnLoad (122ms)
			ProcessInitializeOnLoadAttributes (567ms)
			ProcessInitializeOnLoadMethodAttributes (32ms)
			AfterProcessingInitializeOnLoad (2ms)
			EditorAssembliesLoaded (0ms)
		ExecutionOrderSort2 (0ms)
		AwakeInstancesAfterBackupRestoration (8ms)
Refreshing native plugins compatible for Editor in 2.66 ms, found 2 plugins.
Preloading 0 native plugins for Editor in 0.00 ms.
Unloading 3167 Unused Serialized files (Serialized files now loaded: 0)
Unloading 23 unused Assets / (30.9 KB). Loaded Objects now: 3726.
Memory consumption went from 166.1 MB to 166.0 MB.
Total: 6.919166 ms (FindLiveObjects: 0.273500 ms CreateObjectMapping: 0.135125 ms MarkObjects: 6.420583 ms  DeleteObjects: 0.089000 ms)

Prepare: number of updated asset objects reloaded= 0
AssetImportParameters requested are different than current active one (requested -> active):
  custom:container-demuxer-ogg: 62fdf1f143b41e24485cea50d1cbac27 -> 
  custom:video-decoder-ogg-theora: a1e56fd34408186e4bbccfd4996cb3dc -> 
  custom:CustomObjectIndexerAttribute: 9a22284fe3817be447336de3de66b15e -> 
  custom:container-demuxer-webm: 4f35f7cbe854078d1ac9338744f61a02 -> 
  custom:container-muxer-webm: aa71ff27fc2769a1b78a27578f13a17b -> 
  custom:video-decoder-webm-vp8: 9c59270c3fd7afecdb556c50c9e8de78 -> 
  custom:SearchIndexIgnoredProperties: e643bd26f0fe6173181afceb89e7c659 -> 
  custom:AudioImporter_EditorPlatform: 3918e3fc78b5a79bad01e8451be0beb8 -> 
  custom:framework-osx-AVFoundation: e770b220cccbd017edd2c1fefb359320 -> 
  custom:video-encoder-webm-vp8: eb34c28f22e8b96e1ab97ce403110664 -> 
  custom:audio-decoder-ogg-vorbis: bf7c407c2cedff20999df2af8eb42d56 -> 
  custom:audio-encoder-webm-vorbis: bf7c407c2cedff20999df2af8eb42d56 -> 
========================================================================
Received Prepare
Begin MonoManager ReloadAssembly
Thread 0x16bb4f000 may have been prematurely finalized
- Loaded All Assemblies, in  0.455 seconds
Refreshing native plugins compatible for Editor in 4.48 ms, found 2 plugins.
Native extension for OSXStandalone target not found
[Package Manager] Server::EnsureServerProcessIsRunning -- launch failed, reason: Unity was launched with the -noUpm command-line argument
[Package Manager] UpmClient::Send -- Unable to send message (not connected to UPM process).
[Package Manager] Cannot connect to Unity Package Manager local server
Mono: successfully reloaded assembly
- Finished resetting the current domain, in  1.539 seconds
Domain Reload Profiling: 1998ms
	BeginReloadAssembly (139ms)
		ExecutionOrderSort (0ms)
		DisableScriptedObjects (5ms)
		BackupInstance (0ms)
		ReleaseScriptingObjects (0ms)
		CreateAndSetChildDomain (53ms)
	RebuildCommonClasses (40ms)
	RebuildNativeTypeToScriptingClass (14ms)
	initialDomainReloadingComplete (24ms)
	LoadAllAssembliesAndSetupDomain (242ms)
		LoadAssemblies (253ms)
		RebuildTransferFunctionScriptingTraits (0ms)
		AnalyzeDomain (32ms)
			TypeCache.Refresh (19ms)
				TypeCache.ScanAssembly (0ms)
			ScanForSourceGeneratedMonoScriptInfo (0ms)
			ResolveRequiredComponents (12ms)
	FinalizeReload (1540ms)
		ReleaseScriptCaches (0ms)
		RebuildScriptCaches (0ms)
		SetupLoadedEditorAssemblies (747ms)
			LogAssemblyErrors (0ms)
			InitializePlatformSupportModulesInManaged (9ms)
			SetLoadedEditorAssemblies (11ms)
			RefreshPlugins (0ms)
			BeforeProcessingInitializeOnLoad (101ms)
			ProcessInitializeOnLoadAttributes (585ms)
			ProcessInitializeOnLoadMethodAttributes (38ms)
			AfterProcessingInitializeOnLoad (2ms)
			EditorAssembliesLoaded (0ms)
		ExecutionOrderSort2 (0ms)
		AwakeInstancesAfterBackupRestoration (9ms)
Refreshing native plugins compatible for Editor in 1.95 ms, found 2 plugins.
Preloading 0 native plugins for Editor in 0.00 ms.
Unloading 3167 Unused Serialized files (Serialized files now loaded: 0)
Unloading 23 unused Assets / (30.8 KB). Loaded Objects now: 3729.
Memory consumption went from 171.1 MB to 171.0 MB.
Total: 6.897000 ms (FindLiveObjects: 0.283667 ms CreateObjectMapping: 0.134959 ms MarkObjects: 6.407334 ms  DeleteObjects: 0.070834 ms)

Prepare: number of updated asset objects reloaded= 0
AssetImportParameters requested are different than current active one (requested -> active):
  custom:container-demuxer-ogg: 62fdf1f143b41e24485cea50d1cbac27 -> 
  custom:video-decoder-ogg-theora: a1e56fd34408186e4bbccfd4996cb3dc -> 
  custom:CustomObjectIndexerAttribute: 9a22284fe3817be447336de3de66b15e -> 
  custom:container-demuxer-webm: 4f35f7cbe854078d1ac9338744f61a02 -> 
  custom:container-muxer-webm: aa71ff27fc2769a1b78a27578f13a17b -> 
  custom:video-decoder-webm-vp8: 9c59270c3fd7afecdb556c50c9e8de78 -> 
  custom:SearchIndexIgnoredProperties: e643bd26f0fe6173181afceb89e7c659 -> 
  custom:AudioImporter_EditorPlatform: 3918e3fc78b5a79bad01e8451be0beb8 -> 
  custom:framework-osx-AVFoundation: e770b220cccbd017edd2c1fefb359320 -> 
  custom:video-encoder-webm-vp8: eb34c28f22e8b96e1ab97ce403110664 -> 
  custom:audio-decoder-ogg-vorbis: bf7c407c2cedff20999df2af8eb42d56 -> 
  custom:audio-encoder-webm-vorbis: bf7c407c2cedff20999df2af8eb42d56 -> 
TcpMessagingSession - receive error
AssetImportWorkerClient::OnTransportError - code=2 error=End of file
